#
# There is insufficient memory for the Java Runtime Environment to continue.
# Native memory allocation (malloc) failed to allocate 1949136 bytes for Chunk::new
# Possible reasons:
#   The system is out of physical RAM or swap space
#   The process is running with CompressedOops enabled, and the Java Heap may be blocking the growth of the native heap
# Possible solutions:
#   Reduce memory load on the system
#   Increase physical memory or swap space
#   Check if swap backing store is full
#   Decrease Java heap size (-Xmx/-Xms)
#   Decrease number of Java threads
#   Decrease Java thread stack sizes (-Xss)
#   Set larger code cache with -XX:ReservedCodeCacheSize=
#   JVM is running with Unscaled Compressed Oops mode in which the Java heap is
#     placed in the first 4GB address space. The Java Heap base address is the
#     maximum limit for the native heap growth. Please use -XX:HeapBaseMinAddress
#     to set the Java Heap base and to place the Java Heap above 4GB virtual address.
# This output file may be truncated or incomplete.
#
#  Out of Memory Error (./src/hotspot/share/memory/arena.cpp:197), pid=7868, tid=22036
#
# JRE version: OpenJDK Runtime Environment (11.0.13) (build 11.0.13+0-b1751.21-8125866)
# Java VM: OpenJDK 64-Bit Server VM (11.0.13+0-b1751.21-8125866, mixed mode, tiered, compressed oops, g1 gc, windows-amd64)
# No core dump will be written. Minidumps are not enabled by default on client versions of Windows
#

---------------  S U M M A R Y ------------

Command Line: --add-opens=java.base/java.util=ALL-UNNAMED --add-opens=java.base/java.lang=ALL-UNNAMED --add-opens=java.base/java.lang.invoke=ALL-UNNAMED --add-opens=java.base/java.util=ALL-UNNAMED --add-opens=java.prefs/java.util.prefs=ALL-UNNAMED --add-opens=java.prefs/java.util.prefs=ALL-UNNAMED --add-opens=java.base/java.nio.charset=ALL-UNNAMED --add-opens=java.base/java.net=ALL-UNNAMED --add-opens=java.base/java.util.concurrent.atomic=ALL-UNNAMED -Xmx2048m -Dfile.encoding=UTF-8 -Duser.country=GB -Duser.language=en -Duser.variant org.gradle.launcher.daemon.bootstrap.GradleDaemon 7.5

Host: AMD Ryzen 5 3600XT 6-Core Processor            , 12 cores, 15G,  Windows 10 , 64 bit Build 19041 (10.0.19041.2788)
Time: Mon Apr 17 09:56:34 2023 W. Europe Summer Time elapsed time: 7.004718 seconds (0d 0h 0m 7s)

---------------  T H R E A D  ---------------

Current thread (0x0000015430505800):  JavaThread "C2 CompilerThread2" daemon [_thread_in_native, id=22036, stack(0x0000001c6be00000,0x0000001c6bf00000)]


Current CompileTask:
C2:   7004 6445   !   4       jdk.internal.loader.Resource::getBytes (242 bytes)

Stack: [0x0000001c6be00000,0x0000001c6bf00000]
Native frames: (J=compiled Java code, j=interpreted, Vv=VM code, C=native code)
V  [jvm.dll+0x6100fa]
V  [jvm.dll+0x747090]
V  [jvm.dll+0x7486ad]
V  [jvm.dll+0x748d83]
V  [jvm.dll+0x24ab48]
V  [jvm.dll+0xc04dc]
V  [jvm.dll+0xc0a0c]
V  [jvm.dll+0x35eb5b]
V  [jvm.dll+0x32b833]
V  [jvm.dll+0x32ad2a]
V  [jvm.dll+0x2032b2]
V  [jvm.dll+0x202437]
V  [jvm.dll+0x188e01]
V  [jvm.dll+0x21106b]
V  [jvm.dll+0x20f8c1]
V  [jvm.dll+0x70de0f]
V  [jvm.dll+0x706a75]
V  [jvm.dll+0x60ed66]
C  [ucrtbase.dll+0x21bb2]
C  [KERNEL32.DLL+0x17604]
C  [ntdll.dll+0x526a1]


---------------  P R O C E S S  ---------------

Threads class SMR info:
_java_thread_list=0x00000154304d8360, length=168, elements={
0x00000154110c3800, 0x000001542c230000, 0x000001542c239800, 0x000001542c28c800,
0x000001542c28e800, 0x000001542c290000, 0x000001542c295000, 0x000001542c297000,
0x000001542c2a0000, 0x000001542c417800, 0x000001542e48e800, 0x000001542e1de800,
0x000001542c4d8800, 0x000001542d331800, 0x000001542e9d7800, 0x000001542d7b2800,
0x000001542d2bd800, 0x000001542e738800, 0x000001542e1c6800, 0x000001542ec2c000,
0x000001542e55e000, 0x000001542ec27000, 0x000001542ec2a800, 0x000001542ec28000,
0x000001542ec29800, 0x000001542ec29000, 0x000001542ec2d000, 0x000001542ec2b800,
0x000001542ec2d800, 0x0000015430270800, 0x0000015430273800, 0x0000015430275800,
0x0000015430505800, 0x0000015430271000, 0x0000015430273000, 0x0000015430276000,
0x000001543027c800, 0x0000015430278000, 0x000001543027d800, 0x000001543027e800,
0x000001543027f000, 0x0000015430279800, 0x000001543027a000, 0x000001543027b000,
0x000001543027c000, 0x000001542d5a8800, 0x000001542d5a9800, 0x000001542d5a7000,
0x000001542d5a3800, 0x000001542d5aa000, 0x000001542d5a4800, 0x000001542d5a5000,
0x000001542d5ab800, 0x000001542d5ab000, 0x000001542d5a7800, 0x000001542d5a6000,
0x000001542d5ae000, 0x000001542d5ac800, 0x000001542d5af000, 0x000001542d5ad800,
0x000001542d5b1800, 0x000001542d5b2800, 0x000001542d5b0000, 0x000001542d5b0800,
0x000001542e426800, 0x000001542e421000, 0x000001542e426000, 0x000001542e422000,
0x000001542e427800, 0x000001542e428800, 0x000001542e422800, 0x000001542e424800,
0x000001542e425000, 0x000001542e429000, 0x000001542e423800, 0x000001542e42d800,
0x000001542e42b000, 0x000001542e42e000, 0x000001542e42f000, 0x000001542e42f800,
0x000001542e42b800, 0x000001542e42c800, 0x000001542e42a000, 0x00000154324b6800,
0x00000154324b7800, 0x00000154324b8000, 0x00000154324b3800, 0x00000154324b9000,
0x00000154324b4000, 0x00000154324ba800, 0x00000154324ba000, 0x00000154324b5000,
0x00000154324bb800, 0x00000154324b6000, 0x00000154324bc800, 0x00000154324bd000,
0x00000154324bf800, 0x00000154324c1000, 0x00000154324c2000, 0x00000154324be000,
0x00000154324bf000, 0x00000154324c0800, 0x000001542e9e1800, 0x000001542e9e2800,
0x000001542e9de800, 0x000001542e9e1000, 0x000001542e9dd800, 0x000001542e9df800,
0x000001542e9dd000, 0x000001542e9e0000, 0x000001542e9e6800, 0x000001542e9e3800,
0x000001542e9e6000, 0x000001542e9e4000, 0x000001542e9ea000, 0x000001542e9e9000,
0x000001542e9e8800, 0x000001542e9e7800, 0x000001542e9ea800, 0x000001542e9e5000,
0x000001542e9eb800, 0x000001542d69c000, 0x000001542d69b800, 0x000001542d69e800,
0x000001542d69a800, 0x000001542d69d000, 0x000001542d69a000, 0x000001542d6a2000,
0x000001542d6a3800, 0x000001542d6a3000, 0x000001542d69e000, 0x000001542d6a5000,
0x000001542d6a1000, 0x000001542d69f800, 0x000001542d6a0800, 0x000001542d6a7000,
0x000001542d6a6000, 0x000001542d6a4800, 0x000001542d6a7800, 0x000001542d6a8800,
0x000001542d22c800, 0x000001542d22d000, 0x000001542d22e000, 0x000001542d22f800,
0x000001542d22f000, 0x000001542d22a000, 0x000001542d230800, 0x000001542d22b000,
0x000001542d231800, 0x000001542d22b800, 0x000001542d236000, 0x000001542d235800,
0x000001542d234000, 0x000001542d232000, 0x000001542d237000, 0x000001542d238000,
0x000001542d234800, 0x000001542d238800, 0x000001542d233000, 0x0000015430aac000,
0x0000015430aae800, 0x0000015430ab0000, 0x0000015430aab000, 0x0000015430aaf000,
0x0000015430ab1000, 0x0000015430aac800, 0x0000015430ab1800, 0x0000015430ab2800
}

Java Threads: ( => current thread )
  0x00000154110c3800 JavaThread "main" [_thread_blocked, id=15828, stack(0x0000001c68c00000,0x0000001c68d00000)]
  0x000001542c230000 JavaThread "Reference Handler" daemon [_thread_blocked, id=12076, stack(0x0000001c69300000,0x0000001c69400000)]
  0x000001542c239800 JavaThread "Finalizer" daemon [_thread_blocked, id=22212, stack(0x0000001c69400000,0x0000001c69500000)]
  0x000001542c28c800 JavaThread "Signal Dispatcher" daemon [_thread_blocked, id=5116, stack(0x0000001c69500000,0x0000001c69600000)]
  0x000001542c28e800 JavaThread "Attach Listener" daemon [_thread_blocked, id=11380, stack(0x0000001c69600000,0x0000001c69700000)]
  0x000001542c290000 JavaThread "Service Thread" daemon [_thread_blocked, id=13320, stack(0x0000001c69700000,0x0000001c69800000)]
  0x000001542c295000 JavaThread "C2 CompilerThread0" daemon [_thread_in_native, id=18292, stack(0x0000001c69800000,0x0000001c69900000)]
  0x000001542c297000 JavaThread "C1 CompilerThread0" daemon [_thread_blocked, id=15644, stack(0x0000001c69900000,0x0000001c69a00000)]
  0x000001542c2a0000 JavaThread "Sweeper thread" daemon [_thread_blocked, id=17876, stack(0x0000001c69a00000,0x0000001c69b00000)]
  0x000001542c417800 JavaThread "Common-Cleaner" daemon [_thread_blocked, id=5992, stack(0x0000001c69b00000,0x0000001c69c00000)]
  0x000001542e48e800 JavaThread "Daemon health stats" [_thread_blocked, id=10928, stack(0x0000001c6a400000,0x0000001c6a500000)]
  0x000001542e1de800 JavaThread "Incoming local TCP Connector on port 61759" [_thread_in_native, id=20084, stack(0x0000001c69d00000,0x0000001c69e00000)]
  0x000001542c4d8800 JavaThread "Daemon periodic checks" [_thread_blocked, id=26244, stack(0x0000001c6a300000,0x0000001c6a400000)]
  0x000001542d331800 JavaThread "Daemon" [_thread_blocked, id=23856, stack(0x0000001c6a500000,0x0000001c6a600000)]
  0x000001542e9d7800 JavaThread "Handler for socket connection from /127.0.0.1:61759 to /127.0.0.1:61760" [_thread_in_native, id=10996, stack(0x0000001c6a600000,0x0000001c6a700000)]
  0x000001542d7b2800 JavaThread "Cancel handler" [_thread_blocked, id=29944, stack(0x0000001c6a700000,0x0000001c6a800000)]
  0x000001542d2bd800 JavaThread "Daemon worker" [_thread_in_vm, id=21020, stack(0x0000001c6a800000,0x0000001c6a900000)]
  0x000001542e738800 JavaThread "Asynchronous log dispatcher for DefaultDaemonConnection: socket connection from /127.0.0.1:61759 to /127.0.0.1:61760" [_thread_blocked, id=19884, stack(0x0000001c6a900000,0x0000001c6aa00000)]
  0x000001542e1c6800 JavaThread "Stdin handler" [_thread_blocked, id=9292, stack(0x0000001c6aa00000,0x0000001c6ab00000)]
  0x000001542ec2c000 JavaThread "Daemon client event forwarder" [_thread_blocked, id=11580, stack(0x0000001c6ab00000,0x0000001c6ac00000)]
  0x000001542e55e000 JavaThread "C2 CompilerThread1" daemon [_thread_in_native, id=27264, stack(0x0000001c6ac00000,0x0000001c6ad00000)]
  0x000001542ec27000 JavaThread "Cache worker for journal cache (C:\Users\Abdul Rahman\.gradle\caches\journal-1)" [_thread_blocked, id=9364, stack(0x0000001c6ad00000,0x0000001c6ae00000)]
  0x000001542ec2a800 JavaThread "File lock request listener" [_thread_in_native, id=19588, stack(0x0000001c6ae00000,0x0000001c6af00000)]
  0x000001542ec28000 JavaThread "Cache worker for file hash cache (C:\Users\Abdul Rahman\.gradle\caches\7.5\fileHashes)" [_thread_blocked, id=16732, stack(0x0000001c6af00000,0x0000001c6b000000)]
  0x000001542ec29800 JavaThread "File watcher server" daemon [_thread_in_native, id=25832, stack(0x0000001c6b600000,0x0000001c6b700000)]
  0x000001542ec29000 JavaThread "File watcher consumer" daemon [_thread_blocked, id=16660, stack(0x0000001c6b700000,0x0000001c6b800000)]
  0x000001542ec2d000 JavaThread "Cache worker for checksums cache (C:\dev\Mobile Engineering\mobile\HomeApp\.gradle\7.5\checksums)" [_thread_blocked, id=15244, stack(0x0000001c6b800000,0x0000001c6b900000)]
  0x000001542ec2b800 JavaThread "Cache worker for cache directory md-rule (C:\Users\Abdul Rahman\.gradle\caches\7.5\md-rule)" [_thread_blocked, id=11508, stack(0x0000001c6b900000,0x0000001c6ba00000)]
  0x000001542ec2d800 JavaThread "Cache worker for file content cache (C:\Users\Abdul Rahman\.gradle\caches\7.5\fileContent)" [_thread_blocked, id=23900, stack(0x0000001c6ba00000,0x0000001c6bb00000)]
  0x0000015430270800 JavaThread "Cache worker for file hash cache (C:\dev\Mobile Engineering\mobile\HomeApp\.gradle\7.5\fileHashes)" [_thread_blocked, id=10644, stack(0x0000001c6bb00000,0x0000001c6bc00000)]
  0x0000015430273800 JavaThread "Cache worker for cache directory md-supplier (C:\Users\Abdul Rahman\.gradle\caches\7.5\md-supplier)" [_thread_blocked, id=23780, stack(0x0000001c6bc00000,0x0000001c6bd00000)]
  0x0000015430275800 JavaThread "Cache worker for execution history cache (C:\Users\Abdul Rahman\.gradle\caches\7.5\executionHistory)" [_thread_blocked, id=30248, stack(0x0000001c6bd00000,0x0000001c6be00000)]
=>0x0000015430505800 JavaThread "C2 CompilerThread2" daemon [_thread_in_native, id=22036, stack(0x0000001c6be00000,0x0000001c6bf00000)]
  0x0000015430271000 JavaThread "jar transforms" [_thread_blocked, id=5588, stack(0x0000001c6bf00000,0x0000001c6c000000)]
  0x0000015430273000 JavaThread "jar transforms Thread 2" [_thread_blocked, id=27800, stack(0x0000001c6c000000,0x0000001c6c100000)]
  0x0000015430276000 JavaThread "Cache worker for dependencies-accessors (C:\dev\Mobile Engineering\mobile\HomeApp\.gradle\7.5\dependencies-accessors)" [_thread_blocked, id=15704, stack(0x0000001c6c100000,0x0000001c6c200000)]
  0x000001543027c800 JavaThread "jar transforms Thread 3" [_thread_blocked, id=6864, stack(0x0000001c6c200000,0x0000001c6c300000)]
  0x0000015430278000 JavaThread "Cache worker for Build Output Cleanup Cache (C:\dev\Mobile Engineering\mobile\HomeApp\.gradle\buildOutputCleanup)" [_thread_blocked, id=9440, stack(0x0000001c6c300000,0x0000001c6c400000)]
  0x000001543027d800 JavaThread "Unconstrained build operations" [_thread_blocked, id=25244, stack(0x0000001c6c400000,0x0000001c6c500000)]
  0x000001543027e800 JavaThread "Unconstrained build operations Thread 2" [_thread_blocked, id=23232, stack(0x0000001c6c500000,0x0000001c6c600000)]
  0x000001543027f000 JavaThread "Unconstrained build operations Thread 3" [_thread_blocked, id=11764, stack(0x0000001c6c600000,0x0000001c6c700000)]
  0x0000015430279800 JavaThread "Unconstrained build operations Thread 4" [_thread_blocked, id=18492, stack(0x0000001c6c700000,0x0000001c6c800000)]
  0x000001543027a000 JavaThread "Unconstrained build operations Thread 5" [_thread_blocked, id=3044, stack(0x0000001c6c800000,0x0000001c6c900000)]
  0x000001543027b000 JavaThread "Unconstrained build operations Thread 6" [_thread_blocked, id=29044, stack(0x0000001c6c900000,0x0000001c6ca00000)]
  0x000001543027c000 JavaThread "Unconstrained build operations Thread 7" [_thread_blocked, id=25476, stack(0x0000001c6ca00000,0x0000001c6cb00000)]
  0x000001542d5a8800 JavaThread "Unconstrained build operations Thread 8" [_thread_blocked, id=18360, stack(0x0000001c6cb00000,0x0000001c6cc00000)]
  0x000001542d5a9800 JavaThread "Unconstrained build operations Thread 9" [_thread_blocked, id=7080, stack(0x0000001c6cc00000,0x0000001c6cd00000)]
  0x000001542d5a7000 JavaThread "Unconstrained build operations Thread 10" [_thread_blocked, id=26580, stack(0x0000001c6cd00000,0x0000001c6ce00000)]
  0x000001542d5a3800 JavaThread "Unconstrained build operations Thread 11" [_thread_blocked, id=23220, stack(0x0000001c6ce00000,0x0000001c6cf00000)]
  0x000001542d5aa000 JavaThread "Unconstrained build operations Thread 12" [_thread_blocked, id=29116, stack(0x0000001c6cf00000,0x0000001c6d000000)]
  0x000001542d5a4800 JavaThread "Unconstrained build operations Thread 13" [_thread_blocked, id=5704, stack(0x0000001c6d000000,0x0000001c6d100000)]
  0x000001542d5a5000 JavaThread "Unconstrained build operations Thread 14" [_thread_blocked, id=30708, stack(0x0000001c6d100000,0x0000001c6d200000)]
  0x000001542d5ab800 JavaThread "Unconstrained build operations Thread 15" [_thread_blocked, id=28832, stack(0x0000001c6d200000,0x0000001c6d300000)]
  0x000001542d5ab000 JavaThread "Unconstrained build operations Thread 16" [_thread_blocked, id=6708, stack(0x0000001c6d300000,0x0000001c6d400000)]
  0x000001542d5a7800 JavaThread "Unconstrained build operations Thread 17" [_thread_blocked, id=13848, stack(0x0000001c6d400000,0x0000001c6d500000)]
  0x000001542d5a6000 JavaThread "Unconstrained build operations Thread 18" [_thread_blocked, id=25432, stack(0x0000001c6d500000,0x0000001c6d600000)]
  0x000001542d5ae000 JavaThread "Unconstrained build operations Thread 19" [_thread_blocked, id=3796, stack(0x0000001c6d600000,0x0000001c6d700000)]
  0x000001542d5ac800 JavaThread "Unconstrained build operations Thread 20" [_thread_blocked, id=7160, stack(0x0000001c6d700000,0x0000001c6d800000)]
  0x000001542d5af000 JavaThread "Unconstrained build operations Thread 21" [_thread_blocked, id=8340, stack(0x0000001c6d800000,0x0000001c6d900000)]
  0x000001542d5ad800 JavaThread "Unconstrained build operations Thread 22" [_thread_blocked, id=30440, stack(0x0000001c6d900000,0x0000001c6da00000)]
  0x000001542d5b1800 JavaThread "Unconstrained build operations Thread 23" [_thread_blocked, id=26080, stack(0x0000001c6da00000,0x0000001c6db00000)]
  0x000001542d5b2800 JavaThread "Unconstrained build operations Thread 24" [_thread_blocked, id=20416, stack(0x0000001c6db00000,0x0000001c6dc00000)]
  0x000001542d5b0000 JavaThread "Unconstrained build operations Thread 25" [_thread_blocked, id=24476, stack(0x0000001c6dc00000,0x0000001c6dd00000)]
  0x000001542d5b0800 JavaThread "Unconstrained build operations Thread 26" [_thread_blocked, id=19796, stack(0x0000001c6dd00000,0x0000001c6de00000)]
  0x000001542e426800 JavaThread "Unconstrained build operations Thread 27" [_thread_blocked, id=1816, stack(0x0000001c6de00000,0x0000001c6df00000)]
  0x000001542e421000 JavaThread "Unconstrained build operations Thread 28" [_thread_blocked, id=25976, stack(0x0000001c6df00000,0x0000001c6e000000)]
  0x000001542e426000 JavaThread "Unconstrained build operations Thread 29" [_thread_blocked, id=26460, stack(0x0000001c6e000000,0x0000001c6e100000)]
  0x000001542e422000 JavaThread "Unconstrained build operations Thread 30" [_thread_blocked, id=22700, stack(0x0000001c6e100000,0x0000001c6e200000)]
  0x000001542e427800 JavaThread "Unconstrained build operations Thread 31" [_thread_blocked, id=12524, stack(0x0000001c6e200000,0x0000001c6e300000)]
  0x000001542e428800 JavaThread "Unconstrained build operations Thread 32" [_thread_blocked, id=7192, stack(0x0000001c6e300000,0x0000001c6e400000)]
  0x000001542e422800 JavaThread "Unconstrained build operations Thread 33" [_thread_blocked, id=29916, stack(0x0000001c6e400000,0x0000001c6e500000)]
  0x000001542e424800 JavaThread "Unconstrained build operations Thread 34" [_thread_blocked, id=1500, stack(0x0000001c6e500000,0x0000001c6e600000)]
  0x000001542e425000 JavaThread "Unconstrained build operations Thread 35" [_thread_blocked, id=6368, stack(0x0000001c6e600000,0x0000001c6e700000)]
  0x000001542e429000 JavaThread "Unconstrained build operations Thread 36" [_thread_blocked, id=20220, stack(0x0000001c6e700000,0x0000001c6e800000)]
  0x000001542e423800 JavaThread "Unconstrained build operations Thread 37" [_thread_blocked, id=25504, stack(0x0000001c6e800000,0x0000001c6e900000)]
  0x000001542e42d800 JavaThread "Unconstrained build operations Thread 38" [_thread_blocked, id=29140, stack(0x0000001c6e900000,0x0000001c6ea00000)]
  0x000001542e42b000 JavaThread "Unconstrained build operations Thread 39" [_thread_blocked, id=21328, stack(0x0000001c6ea00000,0x0000001c6eb00000)]
  0x000001542e42e000 JavaThread "Unconstrained build operations Thread 40" [_thread_blocked, id=25812, stack(0x0000001c6eb00000,0x0000001c6ec00000)]
  0x000001542e42f000 JavaThread "Unconstrained build operations Thread 41" [_thread_blocked, id=7368, stack(0x0000001c6ec00000,0x0000001c6ed00000)]
  0x000001542e42f800 JavaThread "Unconstrained build operations Thread 42" [_thread_blocked, id=21120, stack(0x0000001c6ed00000,0x0000001c6ee00000)]
  0x000001542e42b800 JavaThread "Unconstrained build operations Thread 43" [_thread_blocked, id=15416, stack(0x0000001c6ee00000,0x0000001c6ef00000)]
  0x000001542e42c800 JavaThread "Unconstrained build operations Thread 44" [_thread_blocked, id=2252, stack(0x0000001c6ef00000,0x0000001c6f000000)]
  0x000001542e42a000 JavaThread "Unconstrained build operations Thread 45" [_thread_blocked, id=29748, stack(0x0000001c6f000000,0x0000001c6f100000)]
  0x00000154324b6800 JavaThread "Unconstrained build operations Thread 46" [_thread_blocked, id=28504, stack(0x0000001c6f100000,0x0000001c6f200000)]
  0x00000154324b7800 JavaThread "Unconstrained build operations Thread 47" [_thread_blocked, id=24040, stack(0x0000001c6f200000,0x0000001c6f300000)]
  0x00000154324b8000 JavaThread "Unconstrained build operations Thread 48" [_thread_blocked, id=14540, stack(0x0000001c6f300000,0x0000001c6f400000)]
  0x00000154324b3800 JavaThread "Unconstrained build operations Thread 49" [_thread_blocked, id=30576, stack(0x0000001c6f400000,0x0000001c6f500000)]
  0x00000154324b9000 JavaThread "Unconstrained build operations Thread 50" [_thread_blocked, id=25412, stack(0x0000001c6f500000,0x0000001c6f600000)]
  0x00000154324b4000 JavaThread "Unconstrained build operations Thread 51" [_thread_blocked, id=4256, stack(0x0000001c6f600000,0x0000001c6f700000)]
  0x00000154324ba800 JavaThread "Unconstrained build operations Thread 52" [_thread_blocked, id=24360, stack(0x0000001c6f700000,0x0000001c6f800000)]
  0x00000154324ba000 JavaThread "Unconstrained build operations Thread 53" [_thread_blocked, id=12332, stack(0x0000001c6f800000,0x0000001c6f900000)]
  0x00000154324b5000 JavaThread "Unconstrained build operations Thread 54" [_thread_blocked, id=8460, stack(0x0000001c6f900000,0x0000001c6fa00000)]
  0x00000154324bb800 JavaThread "Unconstrained build operations Thread 55" [_thread_blocked, id=29632, stack(0x0000001c6fa00000,0x0000001c6fb00000)]
  0x00000154324b6000 JavaThread "Unconstrained build operations Thread 56" [_thread_blocked, id=16092, stack(0x0000001c6fb00000,0x0000001c6fc00000)]
  0x00000154324bc800 JavaThread "Unconstrained build operations Thread 57" [_thread_blocked, id=25252, stack(0x0000001c6fc00000,0x0000001c6fd00000)]
  0x00000154324bd000 JavaThread "Unconstrained build operations Thread 58" [_thread_blocked, id=26052, stack(0x0000001c6fd00000,0x0000001c6fe00000)]
  0x00000154324bf800 JavaThread "Unconstrained build operations Thread 59" [_thread_blocked, id=1744, stack(0x0000001c6fe00000,0x0000001c6ff00000)]
  0x00000154324c1000 JavaThread "Unconstrained build operations Thread 60" [_thread_blocked, id=15176, stack(0x0000001c6ff00000,0x0000001c70000000)]
  0x00000154324c2000 JavaThread "Unconstrained build operations Thread 61" [_thread_blocked, id=25548, stack(0x0000001c70000000,0x0000001c70100000)]
  0x00000154324be000 JavaThread "Unconstrained build operations Thread 62" [_thread_blocked, id=8568, stack(0x0000001c70100000,0x0000001c70200000)]
  0x00000154324bf000 JavaThread "Unconstrained build operations Thread 63" [_thread_blocked, id=11792, stack(0x0000001c70200000,0x0000001c70300000)]
  0x00000154324c0800 JavaThread "Unconstrained build operations Thread 64" [_thread_blocked, id=22248, stack(0x0000001c70300000,0x0000001c70400000)]
  0x000001542e9e1800 JavaThread "Unconstrained build operations Thread 65" [_thread_blocked, id=12360, stack(0x0000001c70400000,0x0000001c70500000)]
  0x000001542e9e2800 JavaThread "Unconstrained build operations Thread 66" [_thread_blocked, id=18844, stack(0x0000001c70500000,0x0000001c70600000)]
  0x000001542e9de800 JavaThread "Unconstrained build operations Thread 67" [_thread_blocked, id=19916, stack(0x0000001c70600000,0x0000001c70700000)]
  0x000001542e9e1000 JavaThread "Unconstrained build operations Thread 68" [_thread_blocked, id=5452, stack(0x0000001c70700000,0x0000001c70800000)]
  0x000001542e9dd800 JavaThread "Unconstrained build operations Thread 69" [_thread_blocked, id=21708, stack(0x0000001c70800000,0x0000001c70900000)]
  0x000001542e9df800 JavaThread "Unconstrained build operations Thread 70" [_thread_blocked, id=5840, stack(0x0000001c70900000,0x0000001c70a00000)]
  0x000001542e9dd000 JavaThread "Unconstrained build operations Thread 71" [_thread_blocked, id=22076, stack(0x0000001c70a00000,0x0000001c70b00000)]
  0x000001542e9e0000 JavaThread "Unconstrained build operations Thread 72" [_thread_blocked, id=26532, stack(0x0000001c70b00000,0x0000001c70c00000)]
  0x000001542e9e6800 JavaThread "Unconstrained build operations Thread 73" [_thread_blocked, id=16420, stack(0x0000001c70c00000,0x0000001c70d00000)]
  0x000001542e9e3800 JavaThread "Unconstrained build operations Thread 74" [_thread_blocked, id=21596, stack(0x0000001c70d00000,0x0000001c70e00000)]
  0x000001542e9e6000 JavaThread "Unconstrained build operations Thread 75" [_thread_blocked, id=12708, stack(0x0000001c70e00000,0x0000001c70f00000)]
  0x000001542e9e4000 JavaThread "Unconstrained build operations Thread 76" [_thread_blocked, id=24108, stack(0x0000001c70f00000,0x0000001c71000000)]
  0x000001542e9ea000 JavaThread "Unconstrained build operations Thread 77" [_thread_blocked, id=18708, stack(0x0000001c71000000,0x0000001c71100000)]
  0x000001542e9e9000 JavaThread "Unconstrained build operations Thread 78" [_thread_blocked, id=16228, stack(0x0000001c71100000,0x0000001c71200000)]
  0x000001542e9e8800 JavaThread "Unconstrained build operations Thread 79" [_thread_blocked, id=18536, stack(0x0000001c71200000,0x0000001c71300000)]
  0x000001542e9e7800 JavaThread "Unconstrained build operations Thread 80" [_thread_blocked, id=23320, stack(0x0000001c71300000,0x0000001c71400000)]
  0x000001542e9ea800 JavaThread "Unconstrained build operations Thread 81" [_thread_blocked, id=25172, stack(0x0000001c71400000,0x0000001c71500000)]
  0x000001542e9e5000 JavaThread "Unconstrained build operations Thread 82" [_thread_blocked, id=22780, stack(0x0000001c71500000,0x0000001c71600000)]
  0x000001542e9eb800 JavaThread "Unconstrained build operations Thread 83" [_thread_blocked, id=8980, stack(0x0000001c71600000,0x0000001c71700000)]
  0x000001542d69c000 JavaThread "Unconstrained build operations Thread 84" [_thread_blocked, id=27872, stack(0x0000001c71700000,0x0000001c71800000)]
  0x000001542d69b800 JavaThread "Unconstrained build operations Thread 85" [_thread_blocked, id=29268, stack(0x0000001c71800000,0x0000001c71900000)]
  0x000001542d69e800 JavaThread "Unconstrained build operations Thread 86" [_thread_blocked, id=30120, stack(0x0000001c71900000,0x0000001c71a00000)]
  0x000001542d69a800 JavaThread "Unconstrained build operations Thread 87" [_thread_blocked, id=23836, stack(0x0000001c71a00000,0x0000001c71b00000)]
  0x000001542d69d000 JavaThread "Unconstrained build operations Thread 88" [_thread_blocked, id=1716, stack(0x0000001c71b00000,0x0000001c71c00000)]
  0x000001542d69a000 JavaThread "Unconstrained build operations Thread 89" [_thread_blocked, id=23944, stack(0x0000001c71c00000,0x0000001c71d00000)]
  0x000001542d6a2000 JavaThread "Unconstrained build operations Thread 90" [_thread_blocked, id=11648, stack(0x0000001c71d00000,0x0000001c71e00000)]
  0x000001542d6a3800 JavaThread "Unconstrained build operations Thread 91" [_thread_blocked, id=30336, stack(0x0000001c71e00000,0x0000001c71f00000)]
  0x000001542d6a3000 JavaThread "Unconstrained build operations Thread 92" [_thread_blocked, id=16280, stack(0x0000001c71f00000,0x0000001c72000000)]
  0x000001542d69e000 JavaThread "Unconstrained build operations Thread 93" [_thread_blocked, id=15408, stack(0x0000001c72000000,0x0000001c72100000)]
  0x000001542d6a5000 JavaThread "Unconstrained build operations Thread 94" [_thread_blocked, id=26692, stack(0x0000001c72100000,0x0000001c72200000)]
  0x000001542d6a1000 JavaThread "Unconstrained build operations Thread 95" [_thread_blocked, id=7972, stack(0x0000001c72200000,0x0000001c72300000)]
  0x000001542d69f800 JavaThread "Unconstrained build operations Thread 96" [_thread_blocked, id=20696, stack(0x0000001c72300000,0x0000001c72400000)]
  0x000001542d6a0800 JavaThread "Unconstrained build operations Thread 97" [_thread_blocked, id=21228, stack(0x0000001c72400000,0x0000001c72500000)]
  0x000001542d6a7000 JavaThread "Unconstrained build operations Thread 98" [_thread_blocked, id=19684, stack(0x0000001c72500000,0x0000001c72600000)]
  0x000001542d6a6000 JavaThread "Unconstrained build operations Thread 99" [_thread_blocked, id=3604, stack(0x0000001c72600000,0x0000001c72700000)]
  0x000001542d6a4800 JavaThread "Unconstrained build operations Thread 100" [_thread_blocked, id=27508, stack(0x0000001c72700000,0x0000001c72800000)]
  0x000001542d6a7800 JavaThread "Unconstrained build operations Thread 101" [_thread_blocked, id=19036, stack(0x0000001c72800000,0x0000001c72900000)]
  0x000001542d6a8800 JavaThread "Unconstrained build operations Thread 102" [_thread_blocked, id=14152, stack(0x0000001c72900000,0x0000001c72a00000)]
  0x000001542d22c800 JavaThread "Unconstrained build operations Thread 103" [_thread_blocked, id=26892, stack(0x0000001c72a00000,0x0000001c72b00000)]
  0x000001542d22d000 JavaThread "Unconstrained build operations Thread 104" [_thread_blocked, id=8756, stack(0x0000001c72b00000,0x0000001c72c00000)]
  0x000001542d22e000 JavaThread "Unconstrained build operations Thread 105" [_thread_blocked, id=15784, stack(0x0000001c72c00000,0x0000001c72d00000)]
  0x000001542d22f800 JavaThread "Unconstrained build operations Thread 106" [_thread_blocked, id=29284, stack(0x0000001c72d00000,0x0000001c72e00000)]
  0x000001542d22f000 JavaThread "Unconstrained build operations Thread 107" [_thread_blocked, id=1472, stack(0x0000001c72e00000,0x0000001c72f00000)]
  0x000001542d22a000 JavaThread "Unconstrained build operations Thread 108" [_thread_blocked, id=20352, stack(0x0000001c72f00000,0x0000001c73000000)]
  0x000001542d230800 JavaThread "Unconstrained build operations Thread 109" [_thread_blocked, id=18140, stack(0x0000001c73000000,0x0000001c73100000)]
  0x000001542d22b000 JavaThread "Unconstrained build operations Thread 110" [_thread_blocked, id=23092, stack(0x0000001c73100000,0x0000001c73200000)]
  0x000001542d231800 JavaThread "Unconstrained build operations Thread 111" [_thread_blocked, id=29408, stack(0x0000001c73200000,0x0000001c73300000)]
  0x000001542d22b800 JavaThread "Unconstrained build operations Thread 112" [_thread_blocked, id=25256, stack(0x0000001c73300000,0x0000001c73400000)]
  0x000001542d236000 JavaThread "Unconstrained build operations Thread 113" [_thread_blocked, id=3360, stack(0x0000001c73400000,0x0000001c73500000)]
  0x000001542d235800 JavaThread "Unconstrained build operations Thread 114" [_thread_blocked, id=9252, stack(0x0000001c73500000,0x0000001c73600000)]
  0x000001542d234000 JavaThread "Unconstrained build operations Thread 115" [_thread_blocked, id=3508, stack(0x0000001c73600000,0x0000001c73700000)]
  0x000001542d232000 JavaThread "Unconstrained build operations Thread 116" [_thread_blocked, id=25088, stack(0x0000001c73700000,0x0000001c73800000)]
  0x000001542d237000 JavaThread "Unconstrained build operations Thread 117" [_thread_blocked, id=27260, stack(0x0000001c73800000,0x0000001c73900000)]
  0x000001542d238000 JavaThread "Unconstrained build operations Thread 118" [_thread_blocked, id=17156, stack(0x0000001c73900000,0x0000001c73a00000)]
  0x000001542d234800 JavaThread "Unconstrained build operations Thread 119" [_thread_blocked, id=26496, stack(0x0000001c73a00000,0x0000001c73b00000)]
  0x000001542d238800 JavaThread "Unconstrained build operations Thread 120" [_thread_blocked, id=13460, stack(0x0000001c73b00000,0x0000001c73c00000)]
  0x000001542d233000 JavaThread "jar transforms Thread 4" [_thread_blocked, id=16880, stack(0x0000001c73c00000,0x0000001c73d00000)]
  0x0000015430aac000 JavaThread "jar transforms Thread 5" [_thread_blocked, id=23112, stack(0x0000001c73d00000,0x0000001c73e00000)]
  0x0000015430aae800 JavaThread "jar transforms Thread 6" [_thread_blocked, id=21872, stack(0x0000001c73e00000,0x0000001c73f00000)]
  0x0000015430ab0000 JavaThread "jar transforms Thread 7" [_thread_blocked, id=28920, stack(0x0000001c73f00000,0x0000001c74000000)]
  0x0000015430aab000 JavaThread "jar transforms Thread 8" [_thread_blocked, id=23672, stack(0x0000001c74000000,0x0000001c74100000)]
  0x0000015430aaf000 JavaThread "jar transforms Thread 9" [_thread_blocked, id=15692, stack(0x0000001c74100000,0x0000001c74200000)]
  0x0000015430ab1000 JavaThread "jar transforms Thread 10" [_thread_blocked, id=10072, stack(0x0000001c74200000,0x0000001c74300000)]
  0x0000015430aac800 JavaThread "jar transforms Thread 11" [_thread_blocked, id=15636, stack(0x0000001c74300000,0x0000001c74400000)]
  0x0000015430ab1800 JavaThread "jar transforms Thread 12" [_thread_blocked, id=21244, stack(0x0000001c74400000,0x0000001c74500000)]
  0x0000015430ab2800 JavaThread "Memory manager" [_thread_blocked, id=15248, stack(0x0000001c74500000,0x0000001c74600000)]

Other Threads:
  0x000001542c22d000 VMThread "VM Thread" [stack: 0x0000001c69200000,0x0000001c69300000] [id=30348]
  0x000001542c44f800 WatcherThread [stack: 0x0000001c69c00000,0x0000001c69d00000] [id=30184]
  0x00000154110da800 GCTaskThread "GC Thread#0" [stack: 0x0000001c68d00000,0x0000001c68e00000] [id=30124]
  0x000001542d3f4000 GCTaskThread "GC Thread#1" [stack: 0x0000001c69e00000,0x0000001c69f00000] [id=18744]
  0x000001542d598000 GCTaskThread "GC Thread#2" [stack: 0x0000001c69f00000,0x0000001c6a000000] [id=6508]
  0x000001542d678800 GCTaskThread "GC Thread#3" [stack: 0x0000001c6a000000,0x0000001c6a100000] [id=5728]
  0x000001542d679000 GCTaskThread "GC Thread#4" [stack: 0x0000001c6a100000,0x0000001c6a200000] [id=29868]
  0x000001542d320000 GCTaskThread "GC Thread#5" [stack: 0x0000001c6a200000,0x0000001c6a300000] [id=23056]
  0x000001542e8d7800 GCTaskThread "GC Thread#6" [stack: 0x0000001c6b000000,0x0000001c6b100000] [id=30684]
  0x000001542e587800 GCTaskThread "GC Thread#7" [stack: 0x0000001c6b100000,0x0000001c6b200000] [id=18556]
  0x000001542ed73800 GCTaskThread "GC Thread#8" [stack: 0x0000001c6b200000,0x0000001c6b300000] [id=28620]
  0x000001542e720800 GCTaskThread "GC Thread#9" [stack: 0x0000001c6b300000,0x0000001c6b400000] [id=6344]
  0x000001541110b800 ConcurrentGCThread "G1 Main Marker" [stack: 0x0000001c68e00000,0x0000001c68f00000] [id=15604]
  0x000001541110e000 ConcurrentGCThread "G1 Conc#0" [stack: 0x0000001c68f00000,0x0000001c69000000] [id=27724]
  0x000001542db41800 ConcurrentGCThread "G1 Conc#1" [stack: 0x0000001c6b400000,0x0000001c6b500000] [id=13428]
  0x000001542e8ef800 ConcurrentGCThread "G1 Conc#2" [stack: 0x0000001c6b500000,0x0000001c6b600000] [id=16140]
  0x000001542b877800 ConcurrentGCThread "G1 Refine#0" [stack: 0x0000001c69000000,0x0000001c69100000] [id=9920]
  0x000001542b878000 ConcurrentGCThread "G1 Young RemSet Sampling" [stack: 0x0000001c69100000,0x0000001c69200000] [id=8856]

Threads with active compile tasks:
C2 CompilerThread0   7027 6561       4       java.lang.Class::getInterfaces (6 bytes)
C1 CompilerThread0   7028 6572   !   3       org.gradle.internal.instantiation.generator.AbstractClassGenerator::generateUnderLock (702 bytes)
C2 CompilerThread1   7028 6444       4       jdk.internal.loader.URLClassPath$JarLoader$2::getBytes (48 bytes)
C2 CompilerThread2   7028 6445   !   4       jdk.internal.loader.Resource::getBytes (242 bytes)

VM state:not at safepoint (normal execution)

VM Mutex/Monitor currently owned by a thread: None

Heap address: 0x0000000080000000, size: 2048 MB, Compressed Oops mode: 32-bit
Narrow klass base: 0x0000000000000000, Narrow klass shift: 3
Compressed class space size: 1073741824 Address: 0x0000000100000000

Heap:
 garbage-first heap   total 262144K, used 113713K [0x0000000080000000, 0x0000000100000000)
  region size 1024K, 60 young (61440K), 4 survivors (4096K)
 Metaspace       used 64496K, capacity 66156K, committed 66472K, reserved 1107968K
  class space    used 8126K, capacity 8759K, committed 8856K, reserved 1048576K
Heap Regions: E=young(eden), S=young(survivor), O=old, HS=humongous(starts), HC=humongous(continues), CS=collection set, F=free, A=archive, TAMS=top-at-mark-start (previous, next)
|   0|0x0000000080000000, 0x0000000080100000, 0x0000000080100000|100%| O|  |TAMS 0x0000000080100000, 0x0000000080000000| Untracked 
|   1|0x0000000080100000, 0x0000000080200000, 0x0000000080200000|100%| O|  |TAMS 0x0000000080200000, 0x0000000080100000| Untracked 
|   2|0x0000000080200000, 0x0000000080300000, 0x0000000080300000|100%| O|  |TAMS 0x0000000080300000, 0x0000000080200000| Untracked 
|   3|0x0000000080300000, 0x0000000080400000, 0x0000000080400000|100%|HS|  |TAMS 0x0000000080400000, 0x0000000080300000| Complete 
|   4|0x0000000080400000, 0x0000000080500000, 0x0000000080500000|100%|HC|  |TAMS 0x0000000080500000, 0x0000000080400000| Complete 
|   5|0x0000000080500000, 0x0000000080600000, 0x0000000080600000|100%|HC|  |TAMS 0x0000000080600000, 0x0000000080500000| Complete 
|   6|0x0000000080600000, 0x0000000080700000, 0x0000000080700000|100%| O|  |TAMS 0x0000000080700000, 0x0000000080600000| Untracked 
|   7|0x0000000080700000, 0x0000000080800000, 0x0000000080800000|100%| O|  |TAMS 0x0000000080800000, 0x0000000080700000| Untracked 
|   8|0x0000000080800000, 0x0000000080900000, 0x0000000080900000|100%| O|  |TAMS 0x0000000080900000, 0x0000000080800000| Untracked 
|   9|0x0000000080900000, 0x0000000080a00000, 0x0000000080a00000|100%| O|  |TAMS 0x0000000080a00000, 0x0000000080900000| Untracked 
|  10|0x0000000080a00000, 0x0000000080b00000, 0x0000000080b00000|100%| O|  |TAMS 0x0000000080b00000, 0x0000000080a00000| Untracked 
|  11|0x0000000080b00000, 0x0000000080c00000, 0x0000000080c00000|100%| O|  |TAMS 0x0000000080c00000, 0x0000000080b00000| Untracked 
|  12|0x0000000080c00000, 0x0000000080d00000, 0x0000000080d00000|100%| O|  |TAMS 0x0000000080d00000, 0x0000000080c00000| Untracked 
|  13|0x0000000080d00000, 0x0000000080e00000, 0x0000000080e00000|100%| O|  |TAMS 0x0000000080e00000, 0x0000000080d00000| Untracked 
|  14|0x0000000080e00000, 0x0000000080f00000, 0x0000000080f00000|100%| O|  |TAMS 0x0000000080f00000, 0x0000000080e00000| Untracked 
|  15|0x0000000080f00000, 0x0000000081000000, 0x0000000081000000|100%| O|  |TAMS 0x0000000081000000, 0x0000000080f00000| Untracked 
|  16|0x0000000081000000, 0x0000000081100000, 0x0000000081100000|100%| O|  |TAMS 0x0000000081100000, 0x0000000081000000| Untracked 
|  17|0x0000000081100000, 0x0000000081200000, 0x0000000081200000|100%|HS|  |TAMS 0x0000000081200000, 0x0000000081100000| Complete 
|  18|0x0000000081200000, 0x0000000081300000, 0x0000000081300000|100%|HS|  |TAMS 0x0000000081300000, 0x0000000081200000| Complete 
|  19|0x0000000081300000, 0x0000000081400000, 0x0000000081400000|100%|HS|  |TAMS 0x0000000081400000, 0x0000000081300000| Complete 
|  20|0x0000000081400000, 0x0000000081500000, 0x0000000081500000|100%|HS|  |TAMS 0x0000000081500000, 0x0000000081400000| Complete 
|  21|0x0000000081500000, 0x0000000081600000, 0x0000000081600000|100%|HC|  |TAMS 0x0000000081600000, 0x0000000081500000| Complete 
|  22|0x0000000081600000, 0x0000000081700000, 0x0000000081700000|100%|HC|  |TAMS 0x0000000081700000, 0x0000000081600000| Complete 
|  23|0x0000000081700000, 0x0000000081800000, 0x0000000081800000|100%| O|  |TAMS 0x0000000081800000, 0x0000000081700000| Untracked 
|  24|0x0000000081800000, 0x0000000081900000, 0x0000000081900000|100%|HS|  |TAMS 0x0000000081900000, 0x0000000081800000| Complete 
|  25|0x0000000081900000, 0x0000000081a00000, 0x0000000081a00000|100%|HC|  |TAMS 0x0000000081a00000, 0x0000000081900000| Complete 
|  26|0x0000000081a00000, 0x0000000081b00000, 0x0000000081b00000|100%| O|  |TAMS 0x0000000081b00000, 0x0000000081a00000| Untracked 
|  27|0x0000000081b00000, 0x0000000081c00000, 0x0000000081c00000|100%| O|  |TAMS 0x0000000081c00000, 0x0000000081b00000| Untracked 
|  28|0x0000000081c00000, 0x0000000081d00000, 0x0000000081d00000|100%| O|  |TAMS 0x0000000081d00000, 0x0000000081c00000| Untracked 
|  29|0x0000000081d00000, 0x0000000081e00000, 0x0000000081e00000|100%| O|  |TAMS 0x0000000081e00000, 0x0000000081d00000| Untracked 
|  30|0x0000000081e00000, 0x0000000081f00000, 0x0000000081f00000|100%| O|  |TAMS 0x0000000081f00000, 0x0000000081e00000| Untracked 
|  31|0x0000000081f00000, 0x0000000082000000, 0x0000000082000000|100%| O|  |TAMS 0x0000000082000000, 0x0000000081f00000| Untracked 
|  32|0x0000000082000000, 0x0000000082100000, 0x0000000082100000|100%| O|  |TAMS 0x0000000082100000, 0x0000000082000000| Untracked 
|  33|0x0000000082100000, 0x0000000082200000, 0x0000000082200000|100%| O|  |TAMS 0x0000000082200000, 0x0000000082100000| Untracked 
|  34|0x0000000082200000, 0x0000000082300000, 0x0000000082300000|100%| O|  |TAMS 0x0000000082300000, 0x0000000082200000| Untracked 
|  35|0x0000000082300000, 0x0000000082400000, 0x0000000082400000|100%| O|  |TAMS 0x0000000082400000, 0x0000000082300000| Untracked 
|  36|0x0000000082400000, 0x0000000082500000, 0x0000000082500000|100%| O|  |TAMS 0x0000000082500000, 0x0000000082400000| Untracked 
|  37|0x0000000082500000, 0x0000000082600000, 0x0000000082600000|100%| O|  |TAMS 0x0000000082600000, 0x0000000082500000| Untracked 
|  38|0x0000000082600000, 0x0000000082700000, 0x0000000082700000|100%| O|  |TAMS 0x0000000082700000, 0x0000000082600000| Untracked 
|  39|0x0000000082700000, 0x0000000082800000, 0x0000000082800000|100%| O|  |TAMS 0x0000000082800000, 0x0000000082700000| Untracked 
|  40|0x0000000082800000, 0x0000000082900000, 0x0000000082900000|100%| O|  |TAMS 0x0000000082900000, 0x0000000082800000| Untracked 
|  41|0x0000000082900000, 0x0000000082a00000, 0x0000000082a00000|100%| O|  |TAMS 0x0000000082a00000, 0x0000000082900000| Untracked 
|  42|0x0000000082a00000, 0x0000000082b00000, 0x0000000082b00000|100%| O|  |TAMS 0x0000000082b00000, 0x0000000082a00000| Untracked 
|  43|0x0000000082b00000, 0x0000000082c00000, 0x0000000082c00000|100%| O|  |TAMS 0x0000000082c00000, 0x0000000082b00000| Untracked 
|  44|0x0000000082c00000, 0x0000000082d00000, 0x0000000082d00000|100%| O|  |TAMS 0x0000000082d00000, 0x0000000082c00000| Untracked 
|  45|0x0000000082d00000, 0x0000000082e00000, 0x0000000082e00000|100%| O|  |TAMS 0x0000000082e00000, 0x0000000082d00000| Untracked 
|  46|0x0000000082e00000, 0x0000000082e8c800, 0x0000000082f00000| 54%| O|  |TAMS 0x0000000082e8c800, 0x0000000082e00000| Untracked 
|  47|0x0000000082f00000, 0x0000000083000000, 0x0000000083000000|100%|HS|  |TAMS 0x0000000082f00000, 0x0000000082f00000| Complete 
|  48|0x0000000083000000, 0x0000000083100000, 0x0000000083100000|100%|HS|  |TAMS 0x0000000083000000, 0x0000000083000000| Complete 
|  49|0x0000000083100000, 0x0000000083200000, 0x0000000083200000|100%|HS|  |TAMS 0x0000000083100000, 0x0000000083100000| Complete 
|  50|0x0000000083200000, 0x0000000083300000, 0x0000000083300000|100%|HS|  |TAMS 0x0000000083200000, 0x0000000083200000| Complete 
|  51|0x0000000083300000, 0x0000000083400000, 0x0000000083400000|100%|HS|  |TAMS 0x0000000083300000, 0x0000000083300000| Complete 
|  52|0x0000000083400000, 0x0000000083500000, 0x0000000083500000|100%|HS|  |TAMS 0x0000000083400000, 0x0000000083400000| Complete 
|  53|0x0000000083500000, 0x0000000083600000, 0x0000000083600000|100%|HS|  |TAMS 0x0000000083500000, 0x0000000083500000| Complete 
|  54|0x0000000083600000, 0x0000000083600000, 0x0000000083700000|  0%| F|  |TAMS 0x0000000083600000, 0x0000000083600000| Untracked 
|  55|0x0000000083700000, 0x0000000083700000, 0x0000000083800000|  0%| F|  |TAMS 0x0000000083700000, 0x0000000083700000| Untracked 
|  56|0x0000000083800000, 0x0000000083800000, 0x0000000083900000|  0%| F|  |TAMS 0x0000000083800000, 0x0000000083800000| Untracked 
|  57|0x0000000083900000, 0x0000000083900000, 0x0000000083a00000|  0%| F|  |TAMS 0x0000000083900000, 0x0000000083900000| Untracked 
|  58|0x0000000083a00000, 0x0000000083a00000, 0x0000000083b00000|  0%| F|  |TAMS 0x0000000083a00000, 0x0000000083a00000| Untracked 
|  59|0x0000000083b00000, 0x0000000083b00000, 0x0000000083c00000|  0%| F|  |TAMS 0x0000000083b00000, 0x0000000083b00000| Untracked 
|  60|0x0000000083c00000, 0x0000000083c00000, 0x0000000083d00000|  0%| F|  |TAMS 0x0000000083c00000, 0x0000000083c00000| Untracked 
|  61|0x0000000083d00000, 0x0000000083d00000, 0x0000000083e00000|  0%| F|  |TAMS 0x0000000083d00000, 0x0000000083d00000| Untracked 
|  62|0x0000000083e00000, 0x0000000083e00000, 0x0000000083f00000|  0%| F|  |TAMS 0x0000000083e00000, 0x0000000083e00000| Untracked 
|  63|0x0000000083f00000, 0x0000000083f00000, 0x0000000084000000|  0%| F|  |TAMS 0x0000000083f00000, 0x0000000083f00000| Untracked 
|  64|0x0000000084000000, 0x0000000084000000, 0x0000000084100000|  0%| F|  |TAMS 0x0000000084000000, 0x0000000084000000| Untracked 
|  65|0x0000000084100000, 0x0000000084100000, 0x0000000084200000|  0%| F|  |TAMS 0x0000000084100000, 0x0000000084100000| Untracked 
|  66|0x0000000084200000, 0x0000000084200000, 0x0000000084300000|  0%| F|  |TAMS 0x0000000084200000, 0x0000000084200000| Untracked 
|  67|0x0000000084300000, 0x0000000084300000, 0x0000000084400000|  0%| F|  |TAMS 0x0000000084300000, 0x0000000084300000| Untracked 
|  68|0x0000000084400000, 0x0000000084400000, 0x0000000084500000|  0%| F|  |TAMS 0x0000000084400000, 0x0000000084400000| Untracked 
|  69|0x0000000084500000, 0x0000000084500000, 0x0000000084600000|  0%| F|  |TAMS 0x0000000084500000, 0x0000000084500000| Untracked 
|  70|0x0000000084600000, 0x0000000084600000, 0x0000000084700000|  0%| F|  |TAMS 0x0000000084600000, 0x0000000084600000| Untracked 
|  71|0x0000000084700000, 0x0000000084700000, 0x0000000084800000|  0%| F|  |TAMS 0x0000000084700000, 0x0000000084700000| Untracked 
|  72|0x0000000084800000, 0x0000000084800000, 0x0000000084900000|  0%| F|  |TAMS 0x0000000084800000, 0x0000000084800000| Untracked 
|  73|0x0000000084900000, 0x0000000084900000, 0x0000000084a00000|  0%| F|  |TAMS 0x0000000084900000, 0x0000000084900000| Untracked 
|  74|0x0000000084a00000, 0x0000000084a00000, 0x0000000084b00000|  0%| F|  |TAMS 0x0000000084a00000, 0x0000000084a00000| Untracked 
|  75|0x0000000084b00000, 0x0000000084b00000, 0x0000000084c00000|  0%| F|  |TAMS 0x0000000084b00000, 0x0000000084b00000| Untracked 
|  76|0x0000000084c00000, 0x0000000084c00000, 0x0000000084d00000|  0%| F|  |TAMS 0x0000000084c00000, 0x0000000084c00000| Untracked 
|  77|0x0000000084d00000, 0x0000000084d00000, 0x0000000084e00000|  0%| F|  |TAMS 0x0000000084d00000, 0x0000000084d00000| Untracked 
|  78|0x0000000084e00000, 0x0000000084e00000, 0x0000000084f00000|  0%| F|  |TAMS 0x0000000084e00000, 0x0000000084e00000| Untracked 
|  79|0x0000000084f00000, 0x0000000084f00000, 0x0000000085000000|  0%| F|  |TAMS 0x0000000084f00000, 0x0000000084f00000| Untracked 
|  80|0x0000000085000000, 0x0000000085000000, 0x0000000085100000|  0%| F|  |TAMS 0x0000000085000000, 0x0000000085000000| Untracked 
|  81|0x0000000085100000, 0x0000000085100000, 0x0000000085200000|  0%| F|  |TAMS 0x0000000085100000, 0x0000000085100000| Untracked 
|  82|0x0000000085200000, 0x0000000085200000, 0x0000000085300000|  0%| F|  |TAMS 0x0000000085200000, 0x0000000085200000| Untracked 
|  83|0x0000000085300000, 0x0000000085300000, 0x0000000085400000|  0%| F|  |TAMS 0x0000000085300000, 0x0000000085300000| Untracked 
|  84|0x0000000085400000, 0x0000000085400000, 0x0000000085500000|  0%| F|  |TAMS 0x0000000085400000, 0x0000000085400000| Untracked 
|  85|0x0000000085500000, 0x0000000085500000, 0x0000000085600000|  0%| F|  |TAMS 0x0000000085500000, 0x0000000085500000| Untracked 
|  86|0x0000000085600000, 0x0000000085600000, 0x0000000085700000|  0%| F|  |TAMS 0x0000000085600000, 0x0000000085600000| Untracked 
|  87|0x0000000085700000, 0x0000000085700000, 0x0000000085800000|  0%| F|  |TAMS 0x0000000085700000, 0x0000000085700000| Untracked 
|  88|0x0000000085800000, 0x0000000085800000, 0x0000000085900000|  0%| F|  |TAMS 0x0000000085800000, 0x0000000085800000| Untracked 
|  89|0x0000000085900000, 0x0000000085900000, 0x0000000085a00000|  0%| F|  |TAMS 0x0000000085900000, 0x0000000085900000| Untracked 
|  90|0x0000000085a00000, 0x0000000085a00000, 0x0000000085b00000|  0%| F|  |TAMS 0x0000000085a00000, 0x0000000085a00000| Untracked 
|  91|0x0000000085b00000, 0x0000000085b00000, 0x0000000085c00000|  0%| F|  |TAMS 0x0000000085b00000, 0x0000000085b00000| Untracked 
|  92|0x0000000085c00000, 0x0000000085c00000, 0x0000000085d00000|  0%| F|  |TAMS 0x0000000085c00000, 0x0000000085c00000| Untracked 
|  93|0x0000000085d00000, 0x0000000085d00000, 0x0000000085e00000|  0%| F|  |TAMS 0x0000000085d00000, 0x0000000085d00000| Untracked 
|  94|0x0000000085e00000, 0x0000000085e00000, 0x0000000085f00000|  0%| F|  |TAMS 0x0000000085e00000, 0x0000000085e00000| Untracked 
|  95|0x0000000085f00000, 0x0000000085f00000, 0x0000000086000000|  0%| F|  |TAMS 0x0000000085f00000, 0x0000000085f00000| Untracked 
|  96|0x0000000086000000, 0x0000000086000000, 0x0000000086100000|  0%| F|  |TAMS 0x0000000086000000, 0x0000000086000000| Untracked 
|  97|0x0000000086100000, 0x0000000086100000, 0x0000000086200000|  0%| F|  |TAMS 0x0000000086100000, 0x0000000086100000| Untracked 
|  98|0x0000000086200000, 0x0000000086200000, 0x0000000086300000|  0%| F|  |TAMS 0x0000000086200000, 0x0000000086200000| Untracked 
|  99|0x0000000086300000, 0x0000000086300000, 0x0000000086400000|  0%| F|  |TAMS 0x0000000086300000, 0x0000000086300000| Untracked 
| 100|0x0000000086400000, 0x0000000086400000, 0x0000000086500000|  0%| F|  |TAMS 0x0000000086400000, 0x0000000086400000| Untracked 
| 101|0x0000000086500000, 0x0000000086500000, 0x0000000086600000|  0%| F|  |TAMS 0x0000000086500000, 0x0000000086500000| Untracked 
| 102|0x0000000086600000, 0x0000000086600000, 0x0000000086700000|  0%| F|  |TAMS 0x0000000086600000, 0x0000000086600000| Untracked 
| 103|0x0000000086700000, 0x0000000086700000, 0x0000000086800000|  0%| F|  |TAMS 0x0000000086700000, 0x0000000086700000| Untracked 
| 104|0x0000000086800000, 0x0000000086800000, 0x0000000086900000|  0%| F|  |TAMS 0x0000000086800000, 0x0000000086800000| Untracked 
| 105|0x0000000086900000, 0x0000000086900000, 0x0000000086a00000|  0%| F|  |TAMS 0x0000000086900000, 0x0000000086900000| Untracked 
| 106|0x0000000086a00000, 0x0000000086a00000, 0x0000000086b00000|  0%| F|  |TAMS 0x0000000086a00000, 0x0000000086a00000| Untracked 
| 107|0x0000000086b00000, 0x0000000086b00000, 0x0000000086c00000|  0%| F|  |TAMS 0x0000000086b00000, 0x0000000086b00000| Untracked 
| 108|0x0000000086c00000, 0x0000000086c00000, 0x0000000086d00000|  0%| F|  |TAMS 0x0000000086c00000, 0x0000000086c00000| Untracked 
| 109|0x0000000086d00000, 0x0000000086d00000, 0x0000000086e00000|  0%| F|  |TAMS 0x0000000086d00000, 0x0000000086d00000| Untracked 
| 110|0x0000000086e00000, 0x0000000086e00000, 0x0000000086f00000|  0%| F|  |TAMS 0x0000000086e00000, 0x0000000086e00000| Untracked 
| 111|0x0000000086f00000, 0x0000000086f00000, 0x0000000087000000|  0%| F|  |TAMS 0x0000000086f00000, 0x0000000086f00000| Untracked 
| 112|0x0000000087000000, 0x0000000087000000, 0x0000000087100000|  0%| F|  |TAMS 0x0000000087000000, 0x0000000087000000| Untracked 
| 113|0x0000000087100000, 0x0000000087100000, 0x0000000087200000|  0%| F|  |TAMS 0x0000000087100000, 0x0000000087100000| Untracked 
| 114|0x0000000087200000, 0x0000000087200000, 0x0000000087300000|  0%| F|  |TAMS 0x0000000087200000, 0x0000000087200000| Untracked 
| 115|0x0000000087300000, 0x0000000087300000, 0x0000000087400000|  0%| F|  |TAMS 0x0000000087300000, 0x0000000087300000| Untracked 
| 116|0x0000000087400000, 0x0000000087400000, 0x0000000087500000|  0%| F|  |TAMS 0x0000000087400000, 0x0000000087400000| Untracked 
| 117|0x0000000087500000, 0x0000000087500000, 0x0000000087600000|  0%| F|  |TAMS 0x0000000087500000, 0x0000000087500000| Untracked 
| 118|0x0000000087600000, 0x0000000087600000, 0x0000000087700000|  0%| F|  |TAMS 0x0000000087600000, 0x0000000087600000| Untracked 
| 119|0x0000000087700000, 0x0000000087700000, 0x0000000087800000|  0%| F|  |TAMS 0x0000000087700000, 0x0000000087700000| Untracked 
| 120|0x0000000087800000, 0x0000000087800000, 0x0000000087900000|  0%| F|  |TAMS 0x0000000087800000, 0x0000000087800000| Untracked 
| 121|0x0000000087900000, 0x0000000087900000, 0x0000000087a00000|  0%| F|  |TAMS 0x0000000087900000, 0x0000000087900000| Untracked 
| 122|0x0000000087a00000, 0x0000000087a00000, 0x0000000087b00000|  0%| F|  |TAMS 0x0000000087a00000, 0x0000000087a00000| Untracked 
| 123|0x0000000087b00000, 0x0000000087b00000, 0x0000000087c00000|  0%| F|  |TAMS 0x0000000087b00000, 0x0000000087b00000| Untracked 
| 124|0x0000000087c00000, 0x0000000087c00000, 0x0000000087d00000|  0%| F|  |TAMS 0x0000000087c00000, 0x0000000087c00000| Untracked 
| 125|0x0000000087d00000, 0x0000000087d00000, 0x0000000087e00000|  0%| F|  |TAMS 0x0000000087d00000, 0x0000000087d00000| Untracked 
| 126|0x0000000087e00000, 0x0000000087e00000, 0x0000000087f00000|  0%| F|  |TAMS 0x0000000087e00000, 0x0000000087e00000| Untracked 
| 127|0x0000000087f00000, 0x0000000087f00000, 0x0000000088000000|  0%| F|  |TAMS 0x0000000087f00000, 0x0000000087f00000| Untracked 
| 128|0x0000000088000000, 0x0000000088000000, 0x0000000088100000|  0%| F|  |TAMS 0x0000000088000000, 0x0000000088000000| Untracked 
| 129|0x0000000088100000, 0x0000000088100000, 0x0000000088200000|  0%| F|  |TAMS 0x0000000088100000, 0x0000000088100000| Untracked 
| 130|0x0000000088200000, 0x0000000088200000, 0x0000000088300000|  0%| F|  |TAMS 0x0000000088200000, 0x0000000088200000| Untracked 
| 131|0x0000000088300000, 0x0000000088300000, 0x0000000088400000|  0%| F|  |TAMS 0x0000000088300000, 0x0000000088300000| Untracked 
| 132|0x0000000088400000, 0x0000000088400000, 0x0000000088500000|  0%| F|  |TAMS 0x0000000088400000, 0x0000000088400000| Untracked 
| 133|0x0000000088500000, 0x0000000088500000, 0x0000000088600000|  0%| F|  |TAMS 0x0000000088500000, 0x0000000088500000| Untracked 
| 134|0x0000000088600000, 0x0000000088600000, 0x0000000088700000|  0%| F|  |TAMS 0x0000000088600000, 0x0000000088600000| Untracked 
| 135|0x0000000088700000, 0x0000000088700000, 0x0000000088800000|  0%| F|  |TAMS 0x0000000088700000, 0x0000000088700000| Untracked 
| 136|0x0000000088800000, 0x0000000088800000, 0x0000000088900000|  0%| F|  |TAMS 0x0000000088800000, 0x0000000088800000| Untracked 
| 137|0x0000000088900000, 0x0000000088900000, 0x0000000088a00000|  0%| F|  |TAMS 0x0000000088900000, 0x0000000088900000| Untracked 
| 138|0x0000000088a00000, 0x0000000088a00000, 0x0000000088b00000|  0%| F|  |TAMS 0x0000000088a00000, 0x0000000088a00000| Untracked 
| 139|0x0000000088b00000, 0x0000000088b00000, 0x0000000088c00000|  0%| F|  |TAMS 0x0000000088b00000, 0x0000000088b00000| Untracked 
| 140|0x0000000088c00000, 0x0000000088c00000, 0x0000000088d00000|  0%| F|  |TAMS 0x0000000088c00000, 0x0000000088c00000| Untracked 
| 141|0x0000000088d00000, 0x0000000088d00000, 0x0000000088e00000|  0%| F|  |TAMS 0x0000000088d00000, 0x0000000088d00000| Untracked 
| 142|0x0000000088e00000, 0x0000000088e00000, 0x0000000088f00000|  0%| F|  |TAMS 0x0000000088e00000, 0x0000000088e00000| Untracked 
| 143|0x0000000088f00000, 0x0000000088f00000, 0x0000000089000000|  0%| F|  |TAMS 0x0000000088f00000, 0x0000000088f00000| Untracked 
| 144|0x0000000089000000, 0x0000000089000000, 0x0000000089100000|  0%| F|  |TAMS 0x0000000089000000, 0x0000000089000000| Untracked 
| 145|0x0000000089100000, 0x0000000089100000, 0x0000000089200000|  0%| F|  |TAMS 0x0000000089100000, 0x0000000089100000| Untracked 
| 146|0x0000000089200000, 0x0000000089200000, 0x0000000089300000|  0%| F|  |TAMS 0x0000000089200000, 0x0000000089200000| Untracked 
| 147|0x0000000089300000, 0x0000000089300000, 0x0000000089400000|  0%| F|  |TAMS 0x0000000089300000, 0x0000000089300000| Untracked 
| 148|0x0000000089400000, 0x0000000089400000, 0x0000000089500000|  0%| F|  |TAMS 0x0000000089400000, 0x0000000089400000| Untracked 
| 149|0x0000000089500000, 0x0000000089500000, 0x0000000089600000|  0%| F|  |TAMS 0x0000000089500000, 0x0000000089500000| Untracked 
| 150|0x0000000089600000, 0x0000000089600000, 0x0000000089700000|  0%| F|  |TAMS 0x0000000089600000, 0x0000000089600000| Untracked 
| 151|0x0000000089700000, 0x0000000089700000, 0x0000000089800000|  0%| F|  |TAMS 0x0000000089700000, 0x0000000089700000| Untracked 
| 152|0x0000000089800000, 0x0000000089800000, 0x0000000089900000|  0%| F|  |TAMS 0x0000000089800000, 0x0000000089800000| Untracked 
| 153|0x0000000089900000, 0x0000000089900000, 0x0000000089a00000|  0%| F|  |TAMS 0x0000000089900000, 0x0000000089900000| Untracked 
| 154|0x0000000089a00000, 0x0000000089a00000, 0x0000000089b00000|  0%| F|  |TAMS 0x0000000089a00000, 0x0000000089a00000| Untracked 
| 155|0x0000000089b00000, 0x0000000089b00000, 0x0000000089c00000|  0%| F|  |TAMS 0x0000000089b00000, 0x0000000089b00000| Untracked 
| 156|0x0000000089c00000, 0x0000000089c00000, 0x0000000089d00000|  0%| F|  |TAMS 0x0000000089c00000, 0x0000000089c00000| Untracked 
| 157|0x0000000089d00000, 0x0000000089d00000, 0x0000000089e00000|  0%| F|  |TAMS 0x0000000089d00000, 0x0000000089d00000| Untracked 
| 158|0x0000000089e00000, 0x0000000089e00000, 0x0000000089f00000|  0%| F|  |TAMS 0x0000000089e00000, 0x0000000089e00000| Untracked 
| 159|0x0000000089f00000, 0x0000000089f00000, 0x000000008a000000|  0%| F|  |TAMS 0x0000000089f00000, 0x0000000089f00000| Untracked 
| 160|0x000000008a000000, 0x000000008a000000, 0x000000008a100000|  0%| F|  |TAMS 0x000000008a000000, 0x000000008a000000| Untracked 
| 161|0x000000008a100000, 0x000000008a100000, 0x000000008a200000|  0%| F|  |TAMS 0x000000008a100000, 0x000000008a100000| Untracked 
| 162|0x000000008a200000, 0x000000008a200000, 0x000000008a300000|  0%| F|  |TAMS 0x000000008a200000, 0x000000008a200000| Untracked 
| 163|0x000000008a300000, 0x000000008a300000, 0x000000008a400000|  0%| F|  |TAMS 0x000000008a300000, 0x000000008a300000| Untracked 
| 164|0x000000008a400000, 0x000000008a400000, 0x000000008a500000|  0%| F|  |TAMS 0x000000008a400000, 0x000000008a400000| Untracked 
| 165|0x000000008a500000, 0x000000008a500000, 0x000000008a600000|  0%| F|  |TAMS 0x000000008a500000, 0x000000008a500000| Untracked 
| 166|0x000000008a600000, 0x000000008a600000, 0x000000008a700000|  0%| F|  |TAMS 0x000000008a600000, 0x000000008a600000| Untracked 
| 167|0x000000008a700000, 0x000000008a700000, 0x000000008a800000|  0%| F|  |TAMS 0x000000008a700000, 0x000000008a700000| Untracked 
| 168|0x000000008a800000, 0x000000008a800000, 0x000000008a900000|  0%| F|  |TAMS 0x000000008a800000, 0x000000008a800000| Untracked 
| 169|0x000000008a900000, 0x000000008a900000, 0x000000008aa00000|  0%| F|  |TAMS 0x000000008a900000, 0x000000008a900000| Untracked 
| 170|0x000000008aa00000, 0x000000008aa00000, 0x000000008ab00000|  0%| F|  |TAMS 0x000000008aa00000, 0x000000008aa00000| Untracked 
| 171|0x000000008ab00000, 0x000000008ab00000, 0x000000008ac00000|  0%| F|  |TAMS 0x000000008ab00000, 0x000000008ab00000| Untracked 
| 172|0x000000008ac00000, 0x000000008ac00000, 0x000000008ad00000|  0%| F|  |TAMS 0x000000008ac00000, 0x000000008ac00000| Untracked 
| 173|0x000000008ad00000, 0x000000008ad00000, 0x000000008ae00000|  0%| F|  |TAMS 0x000000008ad00000, 0x000000008ad00000| Untracked 
| 174|0x000000008ae00000, 0x000000008ae00000, 0x000000008af00000|  0%| F|  |TAMS 0x000000008ae00000, 0x000000008ae00000| Untracked 
| 175|0x000000008af00000, 0x000000008af00000, 0x000000008b000000|  0%| F|  |TAMS 0x000000008af00000, 0x000000008af00000| Untracked 
| 176|0x000000008b000000, 0x000000008b000000, 0x000000008b100000|  0%| F|  |TAMS 0x000000008b000000, 0x000000008b000000| Untracked 
| 177|0x000000008b100000, 0x000000008b100000, 0x000000008b200000|  0%| F|  |TAMS 0x000000008b100000, 0x000000008b100000| Untracked 
| 178|0x000000008b200000, 0x000000008b200000, 0x000000008b300000|  0%| F|  |TAMS 0x000000008b200000, 0x000000008b200000| Untracked 
| 179|0x000000008b300000, 0x000000008b300000, 0x000000008b400000|  0%| F|  |TAMS 0x000000008b300000, 0x000000008b300000| Untracked 
| 180|0x000000008b400000, 0x000000008b400000, 0x000000008b500000|  0%| F|  |TAMS 0x000000008b400000, 0x000000008b400000| Untracked 
| 181|0x000000008b500000, 0x000000008b500000, 0x000000008b600000|  0%| F|  |TAMS 0x000000008b500000, 0x000000008b500000| Untracked 
| 182|0x000000008b600000, 0x000000008b600000, 0x000000008b700000|  0%| F|  |TAMS 0x000000008b600000, 0x000000008b600000| Untracked 
| 183|0x000000008b700000, 0x000000008b700000, 0x000000008b800000|  0%| F|  |TAMS 0x000000008b700000, 0x000000008b700000| Untracked 
| 184|0x000000008b800000, 0x000000008b800000, 0x000000008b900000|  0%| F|  |TAMS 0x000000008b800000, 0x000000008b800000| Untracked 
| 185|0x000000008b900000, 0x000000008b900000, 0x000000008ba00000|  0%| F|  |TAMS 0x000000008b900000, 0x000000008b900000| Untracked 
| 186|0x000000008ba00000, 0x000000008ba00000, 0x000000008bb00000|  0%| F|  |TAMS 0x000000008ba00000, 0x000000008ba00000| Untracked 
| 187|0x000000008bb00000, 0x000000008bb00000, 0x000000008bc00000|  0%| F|  |TAMS 0x000000008bb00000, 0x000000008bb00000| Untracked 
| 188|0x000000008bc00000, 0x000000008bc00000, 0x000000008bd00000|  0%| F|  |TAMS 0x000000008bc00000, 0x000000008bc00000| Untracked 
| 189|0x000000008bd00000, 0x000000008bd00000, 0x000000008be00000|  0%| F|  |TAMS 0x000000008bd00000, 0x000000008bd00000| Untracked 
| 190|0x000000008be00000, 0x000000008be00000, 0x000000008bf00000|  0%| F|  |TAMS 0x000000008be00000, 0x000000008be00000| Untracked 
| 191|0x000000008bf00000, 0x000000008bf00000, 0x000000008c000000|  0%| F|  |TAMS 0x000000008bf00000, 0x000000008bf00000| Untracked 
| 192|0x000000008c000000, 0x000000008c000000, 0x000000008c100000|  0%| F|  |TAMS 0x000000008c000000, 0x000000008c000000| Untracked 
| 193|0x000000008c100000, 0x000000008c100000, 0x000000008c200000|  0%| F|  |TAMS 0x000000008c100000, 0x000000008c100000| Untracked 
| 194|0x000000008c200000, 0x000000008c200000, 0x000000008c300000|  0%| F|  |TAMS 0x000000008c200000, 0x000000008c200000| Untracked 
| 195|0x000000008c300000, 0x000000008c380800, 0x000000008c400000| 50%| E|  |TAMS 0x000000008c300000, 0x000000008c300000| Complete 
| 196|0x000000008c400000, 0x000000008c500000, 0x000000008c500000|100%| E|CS|TAMS 0x000000008c400000, 0x000000008c400000| Complete 
| 197|0x000000008c500000, 0x000000008c600000, 0x000000008c600000|100%| E|CS|TAMS 0x000000008c500000, 0x000000008c500000| Complete 
| 198|0x000000008c600000, 0x000000008c700000, 0x000000008c700000|100%| E|CS|TAMS 0x000000008c600000, 0x000000008c600000| Complete 
| 199|0x000000008c700000, 0x000000008c800000, 0x000000008c800000|100%| E|CS|TAMS 0x000000008c700000, 0x000000008c700000| Complete 
| 200|0x000000008c800000, 0x000000008c900000, 0x000000008c900000|100%| E|CS|TAMS 0x000000008c800000, 0x000000008c800000| Complete 
| 201|0x000000008c900000, 0x000000008ca00000, 0x000000008ca00000|100%| E|CS|TAMS 0x000000008c900000, 0x000000008c900000| Complete 
| 202|0x000000008ca00000, 0x000000008cb00000, 0x000000008cb00000|100%| E|CS|TAMS 0x000000008ca00000, 0x000000008ca00000| Complete 
| 203|0x000000008cb00000, 0x000000008cc00000, 0x000000008cc00000|100%| E|CS|TAMS 0x000000008cb00000, 0x000000008cb00000| Complete 
| 204|0x000000008cc00000, 0x000000008cd00000, 0x000000008cd00000|100%| E|CS|TAMS 0x000000008cc00000, 0x000000008cc00000| Complete 
| 205|0x000000008cd00000, 0x000000008ce00000, 0x000000008ce00000|100%| E|CS|TAMS 0x000000008cd00000, 0x000000008cd00000| Complete 
| 206|0x000000008ce00000, 0x000000008cf00000, 0x000000008cf00000|100%| E|CS|TAMS 0x000000008ce00000, 0x000000008ce00000| Complete 
| 207|0x000000008cf00000, 0x000000008d000000, 0x000000008d000000|100%| E|CS|TAMS 0x000000008cf00000, 0x000000008cf00000| Complete 
| 208|0x000000008d000000, 0x000000008d100000, 0x000000008d100000|100%| E|CS|TAMS 0x000000008d000000, 0x000000008d000000| Complete 
| 209|0x000000008d100000, 0x000000008d17fcc0, 0x000000008d200000| 49%| S|CS|TAMS 0x000000008d100000, 0x000000008d100000| Complete 
| 210|0x000000008d200000, 0x000000008d300000, 0x000000008d300000|100%| S|CS|TAMS 0x000000008d200000, 0x000000008d200000| Complete 
| 211|0x000000008d300000, 0x000000008d400000, 0x000000008d400000|100%| S|CS|TAMS 0x000000008d300000, 0x000000008d300000| Complete 
| 212|0x000000008d400000, 0x000000008d500000, 0x000000008d500000|100%| S|CS|TAMS 0x000000008d400000, 0x000000008d400000| Complete 
| 213|0x000000008d500000, 0x000000008d600000, 0x000000008d600000|100%| E|CS|TAMS 0x000000008d500000, 0x000000008d500000| Complete 
| 214|0x000000008d600000, 0x000000008d700000, 0x000000008d700000|100%| E|CS|TAMS 0x000000008d600000, 0x000000008d600000| Complete 
| 215|0x000000008d700000, 0x000000008d800000, 0x000000008d800000|100%| E|CS|TAMS 0x000000008d700000, 0x000000008d700000| Complete 
| 216|0x000000008d800000, 0x000000008d900000, 0x000000008d900000|100%| E|CS|TAMS 0x000000008d800000, 0x000000008d800000| Complete 
| 217|0x000000008d900000, 0x000000008da00000, 0x000000008da00000|100%| E|CS|TAMS 0x000000008d900000, 0x000000008d900000| Complete 
| 218|0x000000008da00000, 0x000000008db00000, 0x000000008db00000|100%| E|CS|TAMS 0x000000008da00000, 0x000000008da00000| Complete 
| 219|0x000000008db00000, 0x000000008dc00000, 0x000000008dc00000|100%| E|CS|TAMS 0x000000008db00000, 0x000000008db00000| Complete 
| 220|0x000000008dc00000, 0x000000008dd00000, 0x000000008dd00000|100%| E|CS|TAMS 0x000000008dc00000, 0x000000008dc00000| Complete 
| 221|0x000000008dd00000, 0x000000008de00000, 0x000000008de00000|100%| E|CS|TAMS 0x000000008dd00000, 0x000000008dd00000| Complete 
| 222|0x000000008de00000, 0x000000008df00000, 0x000000008df00000|100%| E|CS|TAMS 0x000000008de00000, 0x000000008de00000| Complete 
| 223|0x000000008df00000, 0x000000008e000000, 0x000000008e000000|100%| E|CS|TAMS 0x000000008df00000, 0x000000008df00000| Complete 
| 224|0x000000008e000000, 0x000000008e100000, 0x000000008e100000|100%| E|CS|TAMS 0x000000008e000000, 0x000000008e000000| Complete 
| 225|0x000000008e100000, 0x000000008e200000, 0x000000008e200000|100%| E|CS|TAMS 0x000000008e100000, 0x000000008e100000| Complete 
| 226|0x000000008e200000, 0x000000008e300000, 0x000000008e300000|100%| E|CS|TAMS 0x000000008e200000, 0x000000008e200000| Complete 
| 227|0x000000008e300000, 0x000000008e400000, 0x000000008e400000|100%| E|CS|TAMS 0x000000008e300000, 0x000000008e300000| Complete 
| 228|0x000000008e400000, 0x000000008e500000, 0x000000008e500000|100%| E|CS|TAMS 0x000000008e400000, 0x000000008e400000| Complete 
| 229|0x000000008e500000, 0x000000008e600000, 0x000000008e600000|100%| E|CS|TAMS 0x000000008e500000, 0x000000008e500000| Complete 
| 230|0x000000008e600000, 0x000000008e700000, 0x000000008e700000|100%| E|CS|TAMS 0x000000008e600000, 0x000000008e600000| Complete 
| 231|0x000000008e700000, 0x000000008e7ffc18, 0x000000008e800000| 99%| E|  |TAMS 0x000000008e700000, 0x000000008e700000| Complete 
| 232|0x000000008e800000, 0x000000008e900000, 0x000000008e900000|100%| E|CS|TAMS 0x000000008e800000, 0x000000008e800000| Complete 
| 233|0x000000008e900000, 0x000000008ea00000, 0x000000008ea00000|100%| E|CS|TAMS 0x000000008e900000, 0x000000008e900000| Complete 
| 234|0x000000008ea00000, 0x000000008eb00000, 0x000000008eb00000|100%| E|CS|TAMS 0x000000008ea00000, 0x000000008ea00000| Complete 
| 235|0x000000008eb00000, 0x000000008ec00000, 0x000000008ec00000|100%| E|CS|TAMS 0x000000008eb00000, 0x000000008eb00000| Complete 
| 236|0x000000008ec00000, 0x000000008ed00000, 0x000000008ed00000|100%| E|CS|TAMS 0x000000008ec00000, 0x000000008ec00000| Complete 
| 237|0x000000008ed00000, 0x000000008ee00000, 0x000000008ee00000|100%| E|CS|TAMS 0x000000008ed00000, 0x000000008ed00000| Complete 
| 238|0x000000008ee00000, 0x000000008ef00000, 0x000000008ef00000|100%| E|CS|TAMS 0x000000008ee00000, 0x000000008ee00000| Complete 
| 239|0x000000008ef00000, 0x000000008f000000, 0x000000008f000000|100%| E|CS|TAMS 0x000000008ef00000, 0x000000008ef00000| Complete 
| 240|0x000000008f000000, 0x000000008f100000, 0x000000008f100000|100%| E|CS|TAMS 0x000000008f000000, 0x000000008f000000| Complete 
| 241|0x000000008f100000, 0x000000008f200000, 0x000000008f200000|100%| E|CS|TAMS 0x000000008f100000, 0x000000008f100000| Complete 
| 242|0x000000008f200000, 0x000000008f300000, 0x000000008f300000|100%| E|CS|TAMS 0x000000008f200000, 0x000000008f200000| Complete 
| 243|0x000000008f300000, 0x000000008f400000, 0x000000008f400000|100%| E|CS|TAMS 0x000000008f300000, 0x000000008f300000| Complete 
| 244|0x000000008f400000, 0x000000008f500000, 0x000000008f500000|100%| E|CS|TAMS 0x000000008f400000, 0x000000008f400000| Complete 
| 245|0x000000008f500000, 0x000000008f600000, 0x000000008f600000|100%| E|CS|TAMS 0x000000008f500000, 0x000000008f500000| Complete 
| 246|0x000000008f600000, 0x000000008f700000, 0x000000008f700000|100%| E|CS|TAMS 0x000000008f600000, 0x000000008f600000| Complete 
| 247|0x000000008f700000, 0x000000008f800000, 0x000000008f800000|100%| E|CS|TAMS 0x000000008f700000, 0x000000008f700000| Complete 
| 248|0x000000008f800000, 0x000000008f900000, 0x000000008f900000|100%| E|CS|TAMS 0x000000008f800000, 0x000000008f800000| Complete 
| 249|0x000000008f900000, 0x000000008fa00000, 0x000000008fa00000|100%| E|CS|TAMS 0x000000008f900000, 0x000000008f900000| Complete 
| 250|0x000000008fa00000, 0x000000008fb00000, 0x000000008fb00000|100%| E|CS|TAMS 0x000000008fa00000, 0x000000008fa00000| Complete 
| 251|0x000000008fb00000, 0x000000008fc00000, 0x000000008fc00000|100%| E|CS|TAMS 0x000000008fb00000, 0x000000008fb00000| Complete 
| 252|0x000000008fc00000, 0x000000008fd00000, 0x000000008fd00000|100%| E|CS|TAMS 0x000000008fc00000, 0x000000008fc00000| Complete 
| 253|0x000000008fd00000, 0x000000008fe00000, 0x000000008fe00000|100%| E|CS|TAMS 0x000000008fd00000, 0x000000008fd00000| Complete 
| 254|0x000000008fe00000, 0x000000008ff00000, 0x000000008ff00000|100%| E|CS|TAMS 0x000000008fe00000, 0x000000008fe00000| Complete 
| 255|0x000000008ff00000, 0x0000000090000000, 0x0000000090000000|100%| E|CS|TAMS 0x000000008ff00000, 0x000000008ff00000| Complete 

Card table byte_map: [0x0000015424530000,0x0000015424930000] _byte_map_base: 0x0000015424130000

Marking Bits (Prev, Next): (CMBitMap*) 0x0000015411102bd0, (CMBitMap*) 0x0000015411102b98
 Prev Bits: [0x0000015426d30000, 0x0000015428d30000)
 Next Bits: [0x0000015424d30000, 0x0000015426d30000)

Polling page: 0x000001540f050000

Metaspace:

Usage:
  Non-class:     56.11 MB capacity,    55.09 MB ( 98%) used,   870.33 KB (  2%) free+waste,   175.25 KB ( <1%) overhead. 
      Class:      8.58 MB capacity,     7.94 MB ( 93%) used,   573.66 KB (  7%) free+waste,    82.81 KB ( <1%) overhead. 
       Both:     64.70 MB capacity,    63.04 MB ( 97%) used,     1.41 MB (  2%) free+waste,   258.06 KB ( <1%) overhead. 

Virtual space:
  Non-class space:       58.00 MB reserved,      56.27 MB ( 97%) committed 
      Class space:        1.00 GB reserved,       8.65 MB ( <1%) committed 
             Both:        1.06 GB reserved,      64.91 MB (  6%) committed 

Chunk freelists:
   Non-Class:  27.00 KB
       Class:  9.00 KB
        Both:  36.00 KB

MaxMetaspaceSize: 17179869184.00 GB
CompressedClassSpaceSize: 1.00 GB
Initial GC threshold: 20.80 MB
Current GC threshold: 99.02 MB
CDS: off

CodeHeap 'non-profiled nmethods': size=120000Kb used=4027Kb max_used=4027Kb free=115972Kb
 bounds [0x000001541c6b0000, 0x000001541caa0000, 0x0000015423be0000]
CodeHeap 'profiled nmethods': size=120000Kb used=13706Kb max_used=13706Kb free=106293Kb
 bounds [0x0000015415180000, 0x0000015415ef0000, 0x000001541c6b0000]
CodeHeap 'non-nmethods': size=5760Kb used=2341Kb max_used=2380Kb free=3418Kb
 bounds [0x0000015414be0000, 0x0000015414e50000, 0x0000015415180000]
 total_blobs=7424 nmethods=6568 adapters=768
 compilation: enabled
              stopped_count=0, restarted_count=0
 full_count=0

Compilation events (20 events):
Event: 6.998 Thread 0x000001542c297000 6511       1       org.gradle.internal.typeconversion.TypeInfo::getTargetType (5 bytes)
Event: 6.999 Thread 0x000001542c297000 nmethod 6511 0x000001541ca98090 code [0x000001541ca98240, 0x000001541ca982f8]
Event: 6.999 Thread 0x000001542c295000 nmethod 6502 0x000001541ca98390 code [0x000001541ca985a0, 0x000001541ca99690]
Event: 6.999 Thread 0x000001542c295000 6508       4       org.objectweb.asm.Label::<init> (5 bytes)
Event: 7.000 Thread 0x000001542c295000 nmethod 6508 0x000001541ca99e90 code [0x000001541ca9a020, 0x000001541ca9a078]
Event: 7.000 Thread 0x000001542c295000 6510       4       java.util.regex.Pattern$Node::<init> (12 bytes)
Event: 7.000 Thread 0x000001542c295000 nmethod 6510 0x000001541ca9a190 code [0x000001541ca9a320, 0x000001541ca9a458]
Event: 7.001 Thread 0x000001542c297000 6512       3       org.gradle.api.internal.DefaultMutationGuard::isMutationAllowed (21 bytes)
Event: 7.002 Thread 0x000001542c297000 nmethod 6512 0x0000015415eb8890 code [0x0000015415eb8a80, 0x0000015415eb8eb8]
Event: 7.002 Thread 0x000001542c297000 6513       3       org.gradle.api.internal.DefaultMutationGuard$1::initialValue (5 bytes)
Event: 7.002 Thread 0x000001542c297000 nmethod 6513 0x0000015415eb9010 code [0x0000015415eb91c0, 0x0000015415eb9338]
Event: 7.002 Thread 0x000001542c297000 6514       3       org.gradle.api.internal.DefaultMutationGuard::removeThreadLocalStateIfMutationAllowed (12 bytes)
Event: 7.002 Thread 0x000001542c297000 nmethod 6514 0x0000015415eb9410 code [0x0000015415eb95c0, 0x0000015415eb97a8]
Event: 7.002 Thread 0x000001542c297000 6515       3       org.gradle.api.internal.DefaultDomainObjectCollection::assertMutable (12 bytes)
Event: 7.003 Thread 0x000001542c297000 nmethod 6515 0x0000015415eb9890 code [0x0000015415eb9a60, 0x0000015415eb9cd8]
Event: 7.003 Thread 0x000001542c297000 6516       3       java.util.concurrent.ConcurrentHashMap::containsKey (14 bytes)
Event: 7.003 Thread 0x000001542c297000 nmethod 6516 0x0000015415eb9e10 code [0x0000015415eb9fc0, 0x0000015415eba148]
Event: 7.003 Thread 0x000001542c297000 6517       3       org.gradle.internal.logging.events.ProgressCompleteEvent::getLogLevel (4 bytes)
Event: 7.003 Thread 0x000001542c297000 nmethod 6517 0x0000015415eba210 code [0x0000015415eba3c0, 0x0000015415eba4d8]
Event: 7.003 Thread 0x000001542c297000 6518       1       org.gradle.tooling.internal.provider.runner.PluginApplicationTracker$PluginApplication::getPlugin (5 bytes)

GC Heap History (14 events):
Event: 0.649 GC heap before
{Heap before GC invocations=0 (full 0):
 garbage-first heap   total 262144K, used 29696K [0x0000000080000000, 0x0000000100000000)
  region size 1024K, 24 young (24576K), 0 survivors (0K)
 Metaspace       used 10091K, capacity 10329K, committed 10624K, reserved 1058816K
  class space    used 1028K, capacity 1108K, committed 1152K, reserved 1048576K
}
Event: 0.652 GC heap after
{Heap after GC invocations=1 (full 0):
 garbage-first heap   total 262144K, used 9165K [0x0000000080000000, 0x0000000100000000)
  region size 1024K, 3 young (3072K), 3 survivors (3072K)
 Metaspace       used 10091K, capacity 10329K, committed 10624K, reserved 1058816K
  class space    used 1028K, capacity 1108K, committed 1152K, reserved 1048576K
}
Event: 2.670 GC heap before
{Heap before GC invocations=1 (full 0):
 garbage-first heap   total 262144K, used 119757K [0x0000000080000000, 0x0000000100000000)
  region size 1024K, 111 young (113664K), 3 survivors (3072K)
 Metaspace       used 20827K, capacity 21193K, committed 21296K, reserved 1069056K
  class space    used 2532K, capacity 2687K, committed 2688K, reserved 1048576K
}
Event: 2.680 GC heap after
{Heap after GC invocations=2 (full 0):
 garbage-first heap   total 262144K, used 17016K [0x0000000080000000, 0x0000000100000000)
  region size 1024K, 11 young (11264K), 11 survivors (11264K)
 Metaspace       used 20827K, capacity 21193K, committed 21296K, reserved 1069056K
  class space    used 2532K, capacity 2687K, committed 2688K, reserved 1048576K
}
Event: 3.056 GC heap before
{Heap before GC invocations=3 (full 0):
 garbage-first heap   total 262144K, used 57976K [0x0000000080000000, 0x0000000100000000)
  region size 1024K, 51 young (52224K), 11 survivors (11264K)
 Metaspace       used 24895K, capacity 25429K, committed 25596K, reserved 1071104K
  class space    used 3189K, capacity 3384K, committed 3404K, reserved 1048576K
}
Event: 3.061 GC heap after
{Heap after GC invocations=4 (full 0):
 garbage-first heap   total 262144K, used 18564K [0x0000000080000000, 0x0000000100000000)
  region size 1024K, 2 young (2048K), 2 survivors (2048K)
 Metaspace       used 24895K, capacity 25429K, committed 25596K, reserved 1071104K
  class space    used 3189K, capacity 3384K, committed 3404K, reserved 1048576K
}
Event: 3.848 GC heap before
{Heap before GC invocations=4 (full 0):
 garbage-first heap   total 262144K, used 97412K [0x0000000080000000, 0x0000000100000000)
  region size 1024K, 80 young (81920K), 2 survivors (2048K)
 Metaspace       used 35064K, capacity 35855K, committed 36048K, reserved 1081344K
  class space    used 4511K, capacity 4823K, committed 4940K, reserved 1048576K
}
Event: 3.854 GC heap after
{Heap after GC invocations=5 (full 0):
 garbage-first heap   total 262144K, used 21963K [0x0000000080000000, 0x0000000100000000)
  region size 1024K, 6 young (6144K), 6 survivors (6144K)
 Metaspace       used 35064K, capacity 35855K, committed 36048K, reserved 1081344K
  class space    used 4511K, capacity 4823K, committed 4940K, reserved 1048576K
}
Event: 4.758 GC heap before
{Heap before GC invocations=6 (full 0):
 garbage-first heap   total 262144K, used 137675K [0x0000000080000000, 0x0000000100000000)
  region size 1024K, 116 young (118784K), 6 survivors (6144K)
 Metaspace       used 45064K, capacity 46150K, committed 46288K, reserved 1089536K
  class space    used 5725K, capacity 6109K, committed 6220K, reserved 1048576K
}
Event: 4.765 GC heap after
{Heap after GC invocations=7 (full 0):
 garbage-first heap   total 262144K, used 29891K [0x0000000080000000, 0x0000000100000000)
  region size 1024K, 13 young (13312K), 13 survivors (13312K)
 Metaspace       used 45064K, capacity 46150K, committed 46288K, reserved 1089536K
  class space    used 5725K, capacity 6109K, committed 6220K, reserved 1048576K
}
Event: 6.048 GC heap before
{Heap before GC invocations=7 (full 0):
 garbage-first heap   total 262144K, used 181443K [0x0000000080000000, 0x0000000100000000)
  region size 1024K, 153 young (156672K), 13 survivors (13312K)
 Metaspace       used 52656K, capacity 54145K, committed 54352K, reserved 1095680K
  class space    used 6696K, capacity 7289K, committed 7372K, reserved 1048576K
}
Event: 6.057 GC heap after
{Heap after GC invocations=8 (full 0):
 garbage-first heap   total 262144K, used 48161K [0x0000000080000000, 0x0000000100000000)
  region size 1024K, 18 young (18432K), 18 survivors (18432K)
 Metaspace       used 52656K, capacity 54145K, committed 54352K, reserved 1095680K
  class space    used 6696K, capacity 7289K, committed 7372K, reserved 1048576K
}
Event: 6.499 GC heap before
{Heap before GC invocations=8 (full 0):
 garbage-first heap   total 262144K, used 91169K [0x0000000080000000, 0x0000000100000000)
  region size 1024K, 61 young (62464K), 18 survivors (18432K)
 Metaspace       used 58939K, capacity 60456K, committed 60508K, reserved 1101824K
  class space    used 7390K, capacity 7978K, committed 8012K, reserved 1048576K
}
Event: 6.512 GC heap after
{Heap after GC invocations=9 (full 0):
 garbage-first heap   total 262144K, used 51249K [0x0000000080000000, 0x0000000100000000)
  region size 1024K, 4 young (4096K), 4 survivors (4096K)
 Metaspace       used 58939K, capacity 60456K, committed 60508K, reserved 1101824K
  class space    used 7390K, capacity 7978K, committed 8012K, reserved 1048576K
}

Deoptimization events (20 events):
Event: 6.826 Thread 0x000001542d2bd800 DEOPT PACKING pc=0x0000015415e3ac22 sp=0x0000001c6a8f2d60
Event: 6.826 Thread 0x000001542d2bd800 DEOPT UNPACKING pc=0x0000015414c2a95e sp=0x0000001c6a8f21d8 mode 0
Event: 6.827 Thread 0x000001542d2bd800 DEOPT PACKING pc=0x0000015415e3ac22 sp=0x0000001c6a8f2d60
Event: 6.827 Thread 0x000001542d2bd800 DEOPT UNPACKING pc=0x0000015414c2a95e sp=0x0000001c6a8f21d8 mode 0
Event: 6.839 Thread 0x000001542d2bd800 Uncommon trap: trap_request=0xffffffbe fr.pc=0x000001541ca814ac relative=0x00000000000007cc
Event: 6.839 Thread 0x000001542d2bd800 Uncommon trap: reason=profile_predicate action=maybe_recompile pc=0x000001541ca814ac method=java.math.BigInteger.montReduce([I[III)[I @ 9 c2
Event: 6.839 Thread 0x000001542d2bd800 DEOPT PACKING pc=0x000001541ca814ac sp=0x0000001c6a8f2da0
Event: 6.839 Thread 0x000001542d2bd800 DEOPT UNPACKING pc=0x0000015414c2a1af sp=0x0000001c6a8f2d70 mode 2
Event: 6.839 Thread 0x000001542d2bd800 Uncommon trap: trap_request=0xffffffbe fr.pc=0x000001541ca814ac relative=0x00000000000007cc
Event: 6.839 Thread 0x000001542d2bd800 Uncommon trap: reason=profile_predicate action=maybe_recompile pc=0x000001541ca814ac method=java.math.BigInteger.montReduce([I[III)[I @ 9 c2
Event: 6.839 Thread 0x000001542d2bd800 DEOPT PACKING pc=0x000001541ca814ac sp=0x0000001c6a8f2e30
Event: 6.839 Thread 0x000001542d2bd800 DEOPT UNPACKING pc=0x0000015414c2a1af sp=0x0000001c6a8f2e00 mode 2
Event: 6.924 Thread 0x000001542d2bd800 Uncommon trap: trap_request=0xffffff4d fr.pc=0x000001541c918ecc relative=0x0000000000002dcc
Event: 6.924 Thread 0x000001542d2bd800 Uncommon trap: reason=unstable_if action=reinterpret pc=0x000001541c918ecc method=java.util.regex.Pattern.has(I)Z @ 6 c2
Event: 6.924 Thread 0x000001542d2bd800 DEOPT PACKING pc=0x000001541c918ecc sp=0x0000001c6a8f65c0
Event: 6.924 Thread 0x000001542d2bd800 DEOPT UNPACKING pc=0x0000015414c2a1af sp=0x0000001c6a8f6540 mode 2
Event: 6.924 Thread 0x000001542d2bd800 Uncommon trap: trap_request=0xffffff4d fr.pc=0x000001541c7535f4 relative=0x0000000000000054
Event: 6.924 Thread 0x000001542d2bd800 Uncommon trap: reason=unstable_if action=reinterpret pc=0x000001541c7535f4 method=java.util.regex.Pattern.has(I)Z @ 6 c2
Event: 6.924 Thread 0x000001542d2bd800 DEOPT PACKING pc=0x000001541c7535f4 sp=0x0000001c6a8f65a0
Event: 6.924 Thread 0x000001542d2bd800 DEOPT UNPACKING pc=0x0000015414c2a1af sp=0x0000001c6a8f6530 mode 2

Classes redefined (0 events):
No events

Internal exceptions (20 events):
Event: 5.732 Thread 0x000001542d2bd800 Exception <a 'java/security/PrivilegedActionException'{0x000000008938a340}> (0x000000008938a340) thrown at [./src/hotspot/share/prims/jvm.cpp, line 1306]
Event: 5.732 Thread 0x000001542d2bd800 Exception <a 'java/security/PrivilegedActionException'{0x000000008938b8a8}> (0x000000008938b8a8) thrown at [./src/hotspot/share/prims/jvm.cpp, line 1306]
Event: 5.732 Thread 0x000001542d2bd800 Exception <a 'java/security/PrivilegedActionException'{0x000000008938eba0}> (0x000000008938eba0) thrown at [./src/hotspot/share/prims/jvm.cpp, line 1306]
Event: 5.732 Thread 0x000001542d2bd800 Exception <a 'java/security/PrivilegedActionException'{0x0000000089390108}> (0x0000000089390108) thrown at [./src/hotspot/share/prims/jvm.cpp, line 1306]
Event: 5.820 Thread 0x000001542d2bd800 Exception <a 'java/lang/ClassNotFoundException'{0x0000000087d74188}: org/gradle/api/internal/plugins/DefaultObjectConfigurationActionBeanInfo> (0x0000000087d74188) thrown at [./src/hotspot/share/classfile/systemDictionary.cpp, line 231]
Event: 5.821 Thread 0x000001542d2bd800 Exception <a 'java/lang/ClassNotFoundException'{0x0000000087dabc98}: org/gradle/api/internal/plugins/DefaultObjectConfigurationActionCustomizer> (0x0000000087dabc98) thrown at [./src/hotspot/share/classfile/systemDictionary.cpp, line 231]
Event: 5.925 Thread 0x000001542d2bd800 Exception <a 'java/lang/NoSuchMethodError'{0x000000008726b0d8}: 'java.lang.Object java.lang.invoke.DirectMethodHandle$Holder.invokeStatic(java.lang.Object, java.lang.Object, java.lang.Object, java.lang.Object, int)'> (0x000000008726b0d8) thrown at [./src/hotspot/share/interpreter/linkResolver.cpp, line 773]
Event: 5.926 Thread 0x000001542d2bd800 Exception <a 'java/lang/NoSuchMethodError'{0x000000008726fad0}: 'java.lang.Object java.lang.invoke.DirectMethodHandle$Holder.invokeSpecial(java.lang.Object, java.lang.Object, java.lang.Object, java.lang.Object, java.lang.Object, int)'> (0x000000008726fad0) thrown at [./src/hotspot/share/interpreter/linkResolver.cpp, line 773]
Event: 5.926 Thread 0x000001542d2bd800 Exception <a 'java/lang/NoSuchMethodError'{0x0000000087274110}: 'java.lang.Object java.lang.invoke.Invokers$Holder.linkToTargetMethod(java.lang.Object, java.lang.Object, java.lang.Object, int, java.lang.Object)'> (0x0000000087274110) thrown at [./src/hotspot/share/interpreter/linkResolver.cpp, line 773]
Event: 5.935 Thread 0x000001542d2bd800 Exception <a 'java/lang/NoSuchMethodError'{0x000000008713bbd0}: 'java.lang.Object java.lang.invoke.Invokers$Holder.linkToTargetMethod(java.lang.Object, int, int, java.lang.Object)'> (0x000000008713bbd0) thrown at [./src/hotspot/share/interpreter/linkResolver.cpp, line 773]
Event: 5.936 Thread 0x000001542d2bd800 Exception <a 'java/lang/NoSuchMethodError'{0x0000000087153588}: 'java.lang.Object java.lang.invoke.DirectMethodHandle$Holder.invokeStatic(java.lang.Object, java.lang.Object, int, int, java.lang.Object, java.lang.Object)'> (0x0000000087153588) thrown at [./src/hotspot/share/interpreter/linkResolver.cpp, line 773]
Event: 6.106 Thread 0x000001542d2bd800 Exception <a 'java/lang/NoSuchMethodError'{0x000000008fce1e10}: 'java.lang.Object java.lang.invoke.DirectMethodHandle$Holder.invokeSpecial(java.lang.Object, java.lang.Object, int, int, java.lang.Object, java.lang.Object, java.lang.Object)'> (0x000000008fce1e10) thrown at [./src/hotspot/share/interpreter/linkResolver.cpp, line 773]
Event: 6.106 Thread 0x000001542d2bd800 Exception <a 'java/lang/NoSuchMethodError'{0x000000008fce6638}: 'java.lang.Object java.lang.invoke.DelegatingMethodHandle$Holder.reinvoke_L(java.lang.Object, int, int, java.lang.Object, java.lang.Object, java.lang.Object)'> (0x000000008fce6638) thrown at [./src/hotspot/share/interpreter/linkResolver.cpp, line 773]
Event: 6.248 Thread 0x000001542d2bd800 Exception <a 'java/lang/NoSuchMethodError'{0x000000008ee97368}: 'int java.lang.invoke.DirectMethodHandle$Holder.invokeInterface(java.lang.Object, java.lang.Object, java.lang.Object, java.lang.Object)'> (0x000000008ee97368) thrown at [./src/hotspot/share/interpreter/linkResolver.cpp, line 773]
Event: 6.609 Thread 0x000001542d2bd800 Exception <a 'java/lang/IncompatibleClassChangeError'{0x000000008f75a0f8}: Found class java.lang.Object, but interface was expected> (0x000000008f75a0f8) thrown at [./src/hotspot/share/interpreter/linkResolver.cpp, line 839]
Event: 6.648 Thread 0x000001542d2bd800 Implicit null exception at 0x000001541c9d59d4 to 0x000001541c9d5bb8
Event: 6.648 Thread 0x000001542d2bd800 Implicit null exception at 0x000001541c9d7d73 to 0x000001541c9d9998
Event: 6.718 Thread 0x000001542d2bd800 Implicit null exception at 0x000001541c85e78b to 0x000001541c85e864
Event: 6.758 Thread 0x000001542d2bd800 Implicit null exception at 0x000001541c855eac to 0x000001541c85605a
Event: 6.878 Thread 0x000001542d2bd800 Exception <a 'sun/nio/fs/WindowsException'{0x000000008d75d880}> (0x000000008d75d880) thrown at [./src/hotspot/share/prims/jni.cpp, line 616]

Events (20 events):
Event: 6.999 loading class com/android/build/gradle/internal/api/DefaultAndroidSourceFile
Event: 6.999 loading class com/android/build/gradle/internal/api/DefaultAndroidSourceFile done
Event: 6.999 loading class com/android/build/gradle/internal/api/artifact/SourceArtifactType$ASSETS
Event: 6.999 loading class com/android/build/gradle/internal/api/artifact/SourceArtifactType$ASSETS done
Event: 7.000 loading class com/android/build/gradle/internal/api/artifact/SourceArtifactType$ANDROID_RESOURCES
Event: 7.000 loading class com/android/build/gradle/internal/api/artifact/SourceArtifactType$ANDROID_RESOURCES done
Event: 7.000 loading class com/android/build/gradle/internal/api/artifact/SourceArtifactType$AIDL
Event: 7.000 loading class com/android/build/gradle/internal/api/artifact/SourceArtifactType$AIDL done
Event: 7.000 loading class com/android/build/gradle/internal/api/artifact/SourceArtifactType$RENDERSCRIPT
Event: 7.000 loading class com/android/build/gradle/internal/api/artifact/SourceArtifactType$RENDERSCRIPT done
Event: 7.000 loading class com/android/build/gradle/internal/api/artifact/SourceArtifactType$JNI
Event: 7.000 loading class com/android/build/gradle/internal/api/artifact/SourceArtifactType$JNI done
Event: 7.000 loading class com/android/build/gradle/internal/api/artifact/SourceArtifactType$JNI_LIBS
Event: 7.000 loading class com/android/build/gradle/internal/api/artifact/SourceArtifactType$JNI_LIBS done
Event: 7.000 loading class com/android/build/gradle/internal/api/artifact/SourceArtifactType$SHADERS
Event: 7.000 loading class com/android/build/gradle/internal/api/artifact/SourceArtifactType$SHADERS done
Event: 7.001 loading class com/android/build/gradle/internal/api/artifact/SourceArtifactType$ML_MODELS
Event: 7.001 loading class com/android/build/gradle/internal/api/artifact/SourceArtifactType$ML_MODELS done
Event: 7.001 loading class com/android/build/gradle/internal/api/DefaultAndroidSourceSet$AndroidSourceDirectorySetFactory
Event: 7.001 loading class com/android/build/gradle/internal/api/DefaultAndroidSourceSet$AndroidSourceDirectorySetFactory done


Dynamic libraries:
0x00007ff604000000 - 0x00007ff60400a000 	C:\Program Files\Android\Android Studio\jre\bin\java.exe
0x00007ffd5b150000 - 0x00007ffd5b348000 	C:\Windows\SYSTEM32\ntdll.dll
0x00007ffd5ab40000 - 0x00007ffd5abff000 	C:\Windows\System32\KERNEL32.DLL
0x00007ffd58a00000 - 0x00007ffd58cda000 	C:\Windows\System32\KERNELBASE.dll
0x00007ffd58e10000 - 0x00007ffd58f10000 	C:\Windows\System32\ucrtbase.dll
0x00007ffd3f6c0000 - 0x00007ffd3f6d7000 	C:\Program Files\Android\Android Studio\jre\bin\VCRUNTIME140.dll
0x00007ffd3f6a0000 - 0x00007ffd3f6b9000 	C:\Program Files\Android\Android Studio\jre\bin\jli.dll
0x00007ffd5af70000 - 0x00007ffd5b10d000 	C:\Windows\System32\USER32.dll
0x00007ffd58de0000 - 0x00007ffd58e02000 	C:\Windows\System32\win32u.dll
0x00007ffd46910000 - 0x00007ffd46baa000 	C:\Windows\WinSxS\amd64_microsoft.windows.common-controls_6595b64144ccf1df_6.0.19041.1110_none_60b5254171f9507e\COMCTL32.dll
0x00007ffd591b0000 - 0x00007ffd591db000 	C:\Windows\System32\GDI32.dll
0x00007ffd59920000 - 0x00007ffd599be000 	C:\Windows\System32\msvcrt.dll
0x00007ffd590a0000 - 0x00007ffd591b0000 	C:\Windows\System32\gdi32full.dll
0x00007ffd588b0000 - 0x00007ffd5894d000 	C:\Windows\System32\msvcp_win.dll
0x00007ffd59390000 - 0x00007ffd593c0000 	C:\Windows\System32\IMM32.DLL
0x00007ffd2d1f0000 - 0x00007ffd2d28d000 	C:\Program Files\Android\Android Studio\jre\bin\msvcp140.dll
0x00007ffd08240000 - 0x00007ffd08d42000 	C:\Program Files\Android\Android Studio\jre\bin\server\jvm.dll
0x00007ffd5ae50000 - 0x00007ffd5aefe000 	C:\Windows\System32\ADVAPI32.dll
0x00007ffd5a230000 - 0x00007ffd5a2cc000 	C:\Windows\System32\sechost.dll
0x00007ffd5ad10000 - 0x00007ffd5ae36000 	C:\Windows\System32\RPCRT4.dll
0x00007ffd5ae40000 - 0x00007ffd5ae48000 	C:\Windows\System32\PSAPI.DLL
0x00007ffd52c00000 - 0x00007ffd52c0a000 	C:\Windows\SYSTEM32\VERSION.dll
0x00007ffd4adc0000 - 0x00007ffd4ade7000 	C:\Windows\SYSTEM32\WINMM.dll
0x00007ffd21e70000 - 0x00007ffd21e79000 	C:\Windows\SYSTEM32\WSOCK32.dll
0x00007ffd59b50000 - 0x00007ffd59bbb000 	C:\Windows\System32\ws2_32.DLL
0x00007ffd56740000 - 0x00007ffd56752000 	C:\Windows\SYSTEM32\kernel.appcore.dll
0x00007ffd55fc0000 - 0x00007ffd55fd1000 	C:\Program Files\Android\Android Studio\jre\bin\verify.dll
0x00007ffd47ad0000 - 0x00007ffd47cb4000 	C:\Windows\SYSTEM32\DBGHELP.DLL
0x00007ffd40730000 - 0x00007ffd40764000 	C:\Windows\SYSTEM32\dbgcore.DLL
0x00007ffd58d50000 - 0x00007ffd58dd2000 	C:\Windows\System32\bcryptPrimitives.dll
0x00007ffd3db50000 - 0x00007ffd3db79000 	C:\Program Files\Android\Android Studio\jre\bin\java.dll
0x00007ffd55fb0000 - 0x00007ffd55fbb000 	C:\Program Files\Android\Android Studio\jre\bin\jimage.dll
0x00007ffd47070000 - 0x00007ffd47088000 	C:\Program Files\Android\Android Studio\jre\bin\zip.dll
0x00007ffd5a2d0000 - 0x00007ffd5aa14000 	C:\Windows\System32\SHELL32.dll
0x00007ffd56940000 - 0x00007ffd570d3000 	C:\Windows\SYSTEM32\windows.storage.dll
0x00007ffd59bc0000 - 0x00007ffd59f14000 	C:\Windows\System32\combase.dll
0x00007ffd582c0000 - 0x00007ffd582ee000 	C:\Windows\SYSTEM32\Wldp.dll
0x00007ffd5a160000 - 0x00007ffd5a20d000 	C:\Windows\System32\SHCORE.dll
0x00007ffd5acb0000 - 0x00007ffd5ad05000 	C:\Windows\System32\shlwapi.dll
0x00007ffd587a0000 - 0x00007ffd587bf000 	C:\Windows\SYSTEM32\profapi.dll
0x00007ffd3cfb0000 - 0x00007ffd3cfca000 	C:\Program Files\Android\Android Studio\jre\bin\net.dll
0x00007ffd52350000 - 0x00007ffd5245a000 	C:\Windows\SYSTEM32\WINHTTP.dll
0x00007ffd58020000 - 0x00007ffd5808a000 	C:\Windows\system32\mswsock.dll
0x00007ffd3cf90000 - 0x00007ffd3cfa4000 	C:\Program Files\Android\Android Studio\jre\bin\nio.dll
0x00007ffd2fe40000 - 0x00007ffd2fe67000 	C:\Users\Abdul Rahman\.gradle\native\e1d6ef7f7dcc3fd88c89a11ec53ec762bb8ba0a96d01ffa2cd45eb1d1d8dd5c5\windows-amd64\native-platform.dll
0x00007ffd1d9e0000 - 0x00007ffd1db24000 	C:\Users\Abdul Rahman\.gradle\native\0d407fdbe67a94daf76414ababcb853783967236a71b16ec16e742cd7a986fd3\windows-amd64\native-platform-file-events.dll
0x00007ffd55fa0000 - 0x00007ffd55faa000 	C:\Program Files\Android\Android Studio\jre\bin\management.dll
0x00007ffd544e0000 - 0x00007ffd544ed000 	C:\Program Files\Android\Android Studio\jre\bin\management_ext.dll
0x00007ffd58220000 - 0x00007ffd58238000 	C:\Windows\SYSTEM32\CRYPTSP.dll
0x00007ffd578d0000 - 0x00007ffd57904000 	C:\Windows\system32\rsaenh.dll
0x00007ffd58f10000 - 0x00007ffd58f37000 	C:\Windows\System32\bcrypt.dll
0x00007ffd58760000 - 0x00007ffd5878e000 	C:\Windows\SYSTEM32\USERENV.dll
0x00007ffd58210000 - 0x00007ffd5821c000 	C:\Windows\SYSTEM32\CRYPTBASE.dll
0x00007ffd57cc0000 - 0x00007ffd57cfc000 	C:\Windows\SYSTEM32\IPHLPAPI.DLL
0x00007ffd5af00000 - 0x00007ffd5af08000 	C:\Windows\System32\NSI.dll
0x00007ffd52df0000 - 0x00007ffd52e07000 	C:\Windows\SYSTEM32\dhcpcsvc6.DLL
0x00007ffd52dd0000 - 0x00007ffd52ded000 	C:\Windows\SYSTEM32\dhcpcsvc.DLL
0x00007ffd57d00000 - 0x00007ffd57dcb000 	C:\Windows\SYSTEM32\DNSAPI.dll

dbghelp: loaded successfully - version: 4.0.5 - missing functions: none
symbol engine: initialized successfully - sym options: 0x614 - pdb path: .;C:\Program Files\Android\Android Studio\jre\bin;C:\Windows\SYSTEM32;C:\Windows\WinSxS\amd64_microsoft.windows.common-controls_6595b64144ccf1df_6.0.19041.1110_none_60b5254171f9507e;C:\Program Files\Android\Android Studio\jre\bin\server;C:\Users\Abdul Rahman\.gradle\native\e1d6ef7f7dcc3fd88c89a11ec53ec762bb8ba0a96d01ffa2cd45eb1d1d8dd5c5\windows-amd64;C:\Users\Abdul Rahman\.gradle\native\0d407fdbe67a94daf76414ababcb853783967236a71b16ec16e742cd7a986fd3\windows-amd64

VM Arguments:
jvm_args: --add-opens=java.base/java.util=ALL-UNNAMED --add-opens=java.base/java.lang=ALL-UNNAMED --add-opens=java.base/java.lang.invoke=ALL-UNNAMED --add-opens=java.base/java.util=ALL-UNNAMED --add-opens=java.prefs/java.util.prefs=ALL-UNNAMED --add-opens=java.prefs/java.util.prefs=ALL-UNNAMED --add-opens=java.base/java.nio.charset=ALL-UNNAMED --add-opens=java.base/java.net=ALL-UNNAMED --add-opens=java.base/java.util.concurrent.atomic=ALL-UNNAMED -Xmx2048m -Dfile.encoding=UTF-8 -Duser.country=GB -Duser.language=en -Duser.variant 
java_command: org.gradle.launcher.daemon.bootstrap.GradleDaemon 7.5
java_class_path (initial): C:\Users\Abdul Rahman\.gradle\wrapper\dists\gradle-7.5-bin\f1w0cc9nuo0eivz97x2xlu9sv\gradle-7.5\lib\gradle-launcher-7.5.jar
Launcher Type: SUN_STANDARD

[Global flags]
     intx CICompilerCount                          = 4                                         {product} {ergonomic}
     uint ConcGCThreads                            = 3                                         {product} {ergonomic}
     uint G1ConcRefinementThreads                  = 10                                        {product} {ergonomic}
   size_t G1HeapRegionSize                         = 1048576                                   {product} {ergonomic}
    uintx GCDrainStackTargetSize                   = 64                                        {product} {ergonomic}
   size_t InitialHeapSize                          = 268435456                                 {product} {ergonomic}
   size_t MarkStackSize                            = 4194304                                   {product} {ergonomic}
   size_t MaxHeapSize                              = 2147483648                                {product} {command line}
   size_t MaxNewSize                               = 1287651328                                {product} {ergonomic}
   size_t MinHeapDeltaBytes                        = 1048576                                   {product} {ergonomic}
    uintx NonNMethodCodeHeapSize                   = 5836300                                {pd product} {ergonomic}
    uintx NonProfiledCodeHeapSize                  = 122910970                              {pd product} {ergonomic}
    uintx ProfiledCodeHeapSize                     = 122910970                              {pd product} {ergonomic}
    uintx ReservedCodeCacheSize                    = 251658240                              {pd product} {ergonomic}
     bool SegmentedCodeCache                       = true                                      {product} {ergonomic}
     bool UseCompressedClassPointers               = true                                 {lp64_product} {ergonomic}
     bool UseCompressedOops                        = true                                 {lp64_product} {ergonomic}
     bool UseG1GC                                  = true                                      {product} {ergonomic}
     bool UseLargePagesIndividualAllocation        = false                                  {pd product} {ergonomic}

Logging:
Log output configuration:
 #0: stdout all=warning uptime,level,tags
 #1: stderr all=off uptime,level,tags

Environment Variables:
JAVA_HOME=C:\Program Files\Java\jdk-16.0.2
PATH=C:\python\Scripts;C:\python;C:\Program Files\Common Files\Oracle\Java\javapath;C:\Program Files (x86)\Razer\ChromaBroadcast\bin;C:\Program Files\Razer\ChromaBroadcast\bin;C:\Windows\system32;C:\Windows;C:\Windows\System32\Wbem;C:\Windows\System32\WindowsPowerShell\v1.0\;C:\Windows\System32\OpenSSH\;C:\Program Files\Microsoft VS Code\bin;C:\Program Files\NVIDIA Corporation\NVIDIA NvDLISR;C:\Program Files (x86)\NVIDIA Corporation\PhysX\Common;C:\Program Files (x86)\Calibre2\;C:\Program Files\Git\cmd;C:\ProgramData\chocolatey\bin;C:\Windows\system32\config\systemprofile\AppData\Local\Microsoft\WindowsApps;C:\Program Files\nodejs\;C:\Program Files (x86)\sox-14-4-2;C:\Users\Abdul Rahman\anaconda3;C:\Users\Abdul Rahman\AppData\Local\Programs\Python\Python37\;C:\Users\Abdul Rahman\AppData\Local\Programs\Python\Python37\Scripts\;C:\python\Scripts\;C:\python\;C:\Users\Abdul Rahman\AppData\Local\Programs\Python\Python37\Scripts\;C:\Users\Abdul Rahman\AppData\Local\Programs\Python\Python37\;C:\Users\Abdul Rahman\AppData\Local\Programs\Python\Python39\Scripts\;C:\Users\Abdul Rahman\AppData\Local\Programs\Python\Python39\;C:\Users\Abdul Rahman\AppData\Local\Programs\Python\Python39-32\Scripts\;C:\Users\Abdul Rahman\AppData\Local\Programs\Python\Python39-32\;C:\Users\Abdul Rahman\AppData\Local\Programs\Python\Python310\Scripts\;C:\Users\Abdul Rahman\AppData\Local\Programs\Python\Python310\;C:\Users\Abdul Rahman\AppData\Local\Programs\Python\Python36\Scripts\;C:\Users\Abdul Rahman\AppData\Local\Programs\Python\Python36\;C:\Program Files (x86)\Razer\ChromaBroadcast\bin;C:\Program Files\Razer\ChromaBroadcast\bin;C:\Windows\system32;C:\Windows;C:\Windows\System32\Wbem;C:\Windows\System32\WindowsPowerShell\v1.0\;C:\Windows\System32\OpenSSH\;C:\Program Files\Microsoft VS Code\bin;C:\Program Files\NVIDIA Corporation\NVIDIA NvDLISR;C:\Program Files (x86)\NVIDIA Corporation\PhysX\Common;C:\Program Files (x86)\Calibre2\;C:\Program Files\Git\cmd;C:\ProgramData\chocolatey\bin;C:\Windows\sy
USERNAME=Ramin
OS=Windows_NT
PROCESSOR_IDENTIFIER=AMD64 Family 23 Model 113 Stepping 0, AuthenticAMD



---------------  S Y S T E M  ---------------

OS: Windows 10 , 64 bit Build 19041 (10.0.19041.2788)
OS uptime: 4 days 0:56 hours

CPU:total 12 (initial active 12) (12 cores per cpu, 2 threads per core) family 23 model 113 stepping 0 microcode 0x0, cmov, cx8, fxsr, mmx, sse, sse2, sse3, ssse3, sse4.1, sse4.2, popcnt, avx, avx2, aes, clmul, mmxext, 3dnowpref, lzcnt, sse4a, ht, tsc, tscinvbit, tscinv, bmi1, bmi2, adx, sha, fma

Memory: 4k page, system-wide physical 16334M (1371M free)
TotalPageFile size 40334M (AvailPageFile size 0M)
current process WorkingSet (physical memory assigned to process): 434M, peak: 434M
current process commit charge ("private bytes"): 513M, peak: 515M

vm_info: OpenJDK 64-Bit Server VM (11.0.13+0-b1751.21-8125866) for windows-amd64 JRE (11.0.13+0-b1751.21-8125866), built on Feb  2 2022 03:00:22 by "builder" with MS VC++ 14.0 (VS2015)

END.
